2025-12-06 18:08:24 [INFO] __main__ - Using C file: /work/CRTrans/C/hello.c
2025-12-06 18:08:24 [INFO] crtrans.info_builder - Compiling C: gcc -O0 /work/CRTrans/C/hello.c -o temp/c_binary
2025-12-06 18:08:25 [INFO] crtrans.prompting - Calling DeepSeek with 358 tokens of messages
2025-12-06 18:08:29 [WARNING] crtrans.info_builder - LLM info parse failed, fallback to empty input
2025-12-06 18:08:29 [INFO] crtrans.info_builder - Wrote info.md to temp/info.md
2025-12-06 18:08:29 [INFO] crtrans.c2rust_wrapper - Wrote compile_commands.json at temp/compile_commands.json
2025-12-06 18:08:29 [INFO] crtrans.c2rust_wrapper - Running c2rust: c2rust transpile --emit-build-files --output-dir temp/c2rust temp/compile_commands.json
2025-12-06 18:09:39 [INFO] __main__ - Using C file: /work/CRTrans/C/hello.c
2025-12-06 18:09:39 [INFO] crtrans.info_builder - Compiling C: gcc -O0 /work/CRTrans/C/hello.c -o temp/c_binary
2025-12-06 18:09:39 [INFO] crtrans.prompting - Calling DeepSeek with 358 tokens of messages
2025-12-06 18:09:43 [WARNING] crtrans.info_builder - LLM info parse failed, fallback to empty input
2025-12-06 18:09:43 [INFO] crtrans.info_builder - Wrote info.md to temp/info.md
2025-12-06 18:09:43 [INFO] crtrans.c2rust_wrapper - Wrote compile_commands.json at temp/compile_commands.json
2025-12-06 18:09:43 [INFO] crtrans.c2rust_wrapper - Running c2rust: c2rust transpile --emit-build-files --output-dir temp/c2rust temp/compile_commands.json
2025-12-06 18:11:17 [INFO] __main__ - Using C file: /work/CRTrans/C/hello.c
2025-12-06 18:11:17 [INFO] crtrans.info_builder - Compiling C: gcc -O0 /work/CRTrans/C/hello.c -o temp/c_binary
2025-12-06 18:11:17 [INFO] crtrans.prompting - Calling DeepSeek with 358 tokens of messages
2025-12-06 18:11:21 [WARNING] crtrans.info_builder - LLM info parse failed, fallback to empty input
2025-12-06 18:11:21 [INFO] crtrans.info_builder - Wrote info.md to temp/info.md
2025-12-06 18:11:21 [INFO] crtrans.c2rust_wrapper - Wrote compile_commands.json at temp/compile_commands.json
2025-12-06 18:11:21 [INFO] crtrans.c2rust_wrapper - Running c2rust: c2rust transpile --emit-build-files --output-dir temp/c2rust temp/compile_commands.json
2025-12-06 18:16:20 [INFO] __main__ - Using C file: /work/CRTrans/C/hello.c
2025-12-06 18:16:20 [INFO] crtrans.info_builder - Compiling C: gcc -O0 /work/CRTrans/C/hello.c -o temp/c_binary
2025-12-06 18:16:21 [INFO] crtrans.prompting - Calling DeepSeek with 358 tokens of messages
2025-12-06 18:16:24 [WARNING] crtrans.info_builder - LLM info parse failed, fallback to empty input
2025-12-06 18:16:24 [INFO] crtrans.info_builder - Wrote info.md to temp/info.md
2025-12-06 18:16:24 [INFO] crtrans.c2rust_wrapper - Wrote compile_commands.json at temp/compile_commands.json
2025-12-06 18:16:24 [INFO] crtrans.c2rust_wrapper - Running c2rust: c2rust transpile --emit-build-files --output-dir temp/c2rust temp/compile_commands.json
2025-12-06 18:17:37 [INFO] __main__ - Using C file: /work/CRTrans/C/hello.c
2025-12-06 18:17:37 [INFO] crtrans.info_builder - Compiling C: gcc -O0 /work/CRTrans/C/hello.c -o temp/c_binary
2025-12-06 18:17:37 [INFO] crtrans.prompting - Calling DeepSeek with 358 tokens of messages
2025-12-06 18:17:41 [WARNING] crtrans.info_builder - LLM info parse failed, fallback to empty input
2025-12-06 18:17:41 [INFO] crtrans.info_builder - Wrote info.md to temp/info.md
2025-12-06 18:17:41 [INFO] crtrans.c2rust_wrapper - Wrote compile_commands.json at temp/compile_commands.json
2025-12-06 18:17:41 [INFO] crtrans.c2rust_wrapper - Running c2rust: c2rust transpile --emit-build-files --output-dir temp/c2rust temp/compile_commands.json
2025-12-06 18:17:41 [WARNING] crtrans.c_parser - libclang present but failed to initialize; using regex fallback
2025-12-06 18:17:41 [WARNING] crtrans.c_parser - libclang unavailable; falling back to regex feature extraction
2025-12-06 18:18:40 [INFO] __main__ - Using C file: /work/CRTrans/C/hello.c
2025-12-06 18:18:40 [INFO] crtrans.info_builder - Compiling C: gcc -O0 /work/CRTrans/C/hello.c -o temp/c_binary
2025-12-06 18:18:41 [INFO] crtrans.prompting - Calling DeepSeek with 358 tokens of messages
2025-12-06 18:18:44 [WARNING] crtrans.info_builder - LLM info parse failed, fallback to empty input
2025-12-06 18:18:44 [INFO] crtrans.info_builder - Wrote info.md to temp/info.md
2025-12-06 18:18:44 [INFO] crtrans.c2rust_wrapper - Wrote compile_commands.json at temp/compile_commands.json
2025-12-06 18:18:44 [INFO] crtrans.c2rust_wrapper - Running c2rust: c2rust transpile --emit-build-files --output-dir temp/c2rust temp/compile_commands.json
2025-12-06 18:18:44 [WARNING] crtrans.c_parser - libclang present but failed to initialize; using regex fallback
2025-12-06 18:18:44 [WARNING] crtrans.c_parser - libclang unavailable; falling back to regex feature extraction
2025-12-06 18:18:44 [INFO] crtrans.prompting - Calling DeepSeek with 296 tokens of messages
2025-12-06 18:18:46 [INFO] crtrans.prompting - Calling DeepSeek with 862 tokens of messages
2025-12-06 18:18:48 [INFO] __main__ - Wrote assembled Rust to rust/translated.rs
2025-12-06 18:18:48 [INFO] crtrans.rust_checker - Compiling Rust: rustc --edition 2021 rust/translated.rs -o rust/translated
2025-12-06 18:18:48 [ERROR] crtrans.rust_checker - rustc failed:
error: unknown start of token: `
 --> rust/translated.rs:1:1
  |
1 | ```rust
  | ^^^
  |
  = note: character appears 2 more times
help: Unicode character '`' (Grave Accent) looks like ''' (Single Quote), but it is not
  |
1 - ```rust
1 + '''rust
  |

error: unknown start of token: `
 --> rust/translated.rs:5:1
  |
5 | ```
  | ^^^
  |
  = note: character appears 2 more times
help: Unicode character '`' (Grave Accent) looks like ''' (Single Quote), but it is not
  |
5 - ```
5 + '''
  |

error: expected one of `!` or `::`, found keyword `fn`
 --> rust/translated.rs:2:1
  |
1 | ```rust
  |        - expected one of `!` or `::`
2 | fn main() {
  | ^^ unexpected token

error: aborting due to 3 previous errors


2025-12-06 18:18:48 [ERROR] __main__ - Rust compilation failed; inspect rust/translated.rs
2025-12-06 18:20:10 [INFO] __main__ - Using C file: /work/CRTrans/C/hello.c
2025-12-06 18:20:10 [INFO] crtrans.info_builder - Compiling C: gcc -O0 /work/CRTrans/C/hello.c -o temp/c_binary
2025-12-06 18:20:11 [INFO] crtrans.prompting - Calling DeepSeek with 358 tokens of messages
2025-12-06 18:20:14 [WARNING] crtrans.info_builder - LLM info parse failed, fallback to empty input
2025-12-06 18:20:14 [INFO] crtrans.info_builder - Wrote info.md to temp/info.md
2025-12-06 18:20:14 [INFO] crtrans.c2rust_wrapper - Wrote compile_commands.json at temp/compile_commands.json
2025-12-06 18:20:14 [INFO] crtrans.c2rust_wrapper - Running c2rust: c2rust transpile --emit-build-files --output-dir temp/c2rust temp/compile_commands.json
2025-12-06 18:20:14 [WARNING] crtrans.c_parser - libclang present but failed to initialize; using regex fallback
2025-12-06 18:20:14 [WARNING] crtrans.c_parser - libclang unavailable; falling back to regex feature extraction
2025-12-06 18:20:14 [INFO] crtrans.prompting - Calling DeepSeek with 296 tokens of messages
2025-12-06 18:20:17 [INFO] crtrans.prompting - Calling DeepSeek with 862 tokens of messages
2025-12-06 18:20:19 [INFO] __main__ - Wrote assembled Rust to rust/translated.rs
2025-12-06 18:20:19 [INFO] crtrans.rust_checker - Compiling Rust: rustc --edition 2021 rust/translated.rs -o rust/translated
2025-12-06 18:21:32 [INFO] __main__ - Using C file: /work/CRTrans/C/hello.c
2025-12-06 18:21:32 [INFO] crtrans.info_builder - Compiling C: gcc -O0 /work/CRTrans/C/hello.c -o temp/c_binary
2025-12-06 18:21:32 [INFO] crtrans.prompting - Calling DeepSeek with 358 tokens of messages
2025-12-06 18:21:35 [WARNING] crtrans.info_builder - LLM info parse failed, fallback to empty input
2025-12-06 18:21:35 [INFO] crtrans.info_builder - Wrote info.md to temp/info.md
2025-12-06 18:21:35 [INFO] crtrans.c2rust_wrapper - Wrote compile_commands.json at temp/compile_commands.json
2025-12-06 18:21:35 [INFO] crtrans.c2rust_wrapper - Running c2rust: c2rust transpile --emit-build-files --output-dir temp/c2rust temp/compile_commands.json
2025-12-06 18:21:35 [WARNING] crtrans.c_parser - libclang present but failed to initialize; using regex fallback
2025-12-06 18:21:35 [WARNING] crtrans.c_parser - libclang unavailable; falling back to regex feature extraction
2025-12-06 18:21:35 [INFO] crtrans.prompting - Calling DeepSeek with 296 tokens of messages
2025-12-06 18:21:37 [INFO] crtrans.prompting - Calling DeepSeek with 862 tokens of messages
2025-12-06 18:21:40 [INFO] __main__ - Wrote assembled Rust to rust/translated.rs
2025-12-06 18:21:40 [INFO] crtrans.rust_checker - Compiling Rust: rustc --edition 2021 rust/translated.rs -o rust/translated
2025-12-06 18:21:40 [WARNING] __main__ - Output mismatches:
Sample 1 mismatch: C stdout='hello world', Rust stdout='hello world\n', rc C=0, rc Rust=0
2025-12-06 18:21:40 [INFO] __main__ - Saved final Rust to rust/hello.rs
2025-12-06 18:55:42 [INFO] __main__ - Using C file: /work/CRTrans/C/test.c
2025-12-06 18:55:42 [INFO] crtrans.info_builder - Compiling C: gcc -O0 /work/CRTrans/C/test.c -o temp/c_binary
2025-12-06 18:55:43 [INFO] crtrans.prompting - Calling DeepSeek with 426 tokens of messages
2025-12-06 18:55:46 [WARNING] crtrans.info_builder - LLM info parse failed, fallback to empty input
2025-12-06 18:55:46 [INFO] crtrans.info_builder - Wrote info.md to temp/info.md
2025-12-06 18:55:46 [INFO] crtrans.c2rust_wrapper - Wrote compile_commands.json at temp/compile_commands.json
2025-12-06 18:55:46 [INFO] crtrans.c2rust_wrapper - Running c2rust: c2rust transpile --emit-build-files --output-dir temp/c2rust temp/compile_commands.json
2025-12-06 18:55:46 [WARNING] crtrans.c_parser - libclang present but failed to initialize; using regex fallback
2025-12-06 18:55:46 [WARNING] crtrans.c_parser - libclang unavailable; falling back to regex feature extraction
2025-12-06 18:55:46 [INFO] crtrans.prompting - Calling DeepSeek with 299 tokens of messages
2025-12-06 18:55:47 [WARNING] crtrans.translator - Signature parse failed, fallback to raw text
2025-12-06 18:55:47 [INFO] crtrans.prompting - Calling DeepSeek with 1095 tokens of messages
2025-12-06 18:55:49 [INFO] crtrans.prompting - Calling DeepSeek with 319 tokens of messages
2025-12-06 18:55:52 [INFO] crtrans.prompting - Calling DeepSeek with 1144 tokens of messages
2025-12-06 18:55:55 [INFO] __main__ - Wrote assembled Rust to rust/translated.rs
2025-12-06 18:55:55 [INFO] crtrans.rust_checker - Compiling Rust: rustc --edition 2021 rust/translated.rs -o rust/translated
2025-12-06 18:55:55 [ERROR] crtrans.rust_checker - rustc failed:
error[E0428]: the name `add` is defined multiple times
 --> rust/translated.rs:5:1
  |
1 | pub fn add(a: i32, b: i32) -> i32 {
  | --------------------------------- previous definition of the value `add` here
...
5 | fn add(a: i32, b: i32) -> i32 {
  | ^^^^^^^^^^^^^^^^^^^^^^^^^^^^^ `add` redefined here
  |
  = note: `add` must be defined only once in the value namespace of this module

error[E0601]: `main` function not found in crate `translated`
 --> rust/translated.rs:7:2
  |
7 | }
  |  ^ consider adding a `main` function to `rust/translated.rs`

error: aborting due to 2 previous errors

Some errors have detailed explanations: E0428, E0601.
For more information about an error, try `rustc --explain E0428`.

2025-12-06 18:55:55 [ERROR] __main__ - Rust compilation failed; inspect rust/translated.rs
2025-12-06 19:28:17 [INFO] __main__ - Using C file: /work/CRTrans/C/test.c
2025-12-06 19:28:17 [INFO] crtrans.info_builder - Compiling C: gcc -O0 /work/CRTrans/C/test.c -o temp/c_binary
2025-12-06 19:28:18 [INFO] crtrans.prompting - Calling DeepSeek with 426 tokens of messages
2025-12-06 19:28:21 [WARNING] crtrans.info_builder - LLM info parse failed, fallback to empty input
2025-12-06 19:28:21 [INFO] crtrans.info_builder - Wrote info.md to temp/info.md
2025-12-06 19:28:21 [INFO] crtrans.c2rust_wrapper - Wrote compile_commands.json at temp/compile_commands.json
2025-12-06 19:28:21 [INFO] crtrans.c2rust_wrapper - Running c2rust: c2rust transpile --emit-build-files --output-dir temp/c2rust temp/compile_commands.json
2025-12-06 19:28:21 [WARNING] crtrans.c_parser - libclang present but failed to initialize; using regex fallback
2025-12-06 19:28:21 [WARNING] crtrans.c_parser - libclang unavailable; falling back to regex feature extraction
2025-12-06 19:28:21 [INFO] crtrans.prompting - Calling DeepSeek with 299 tokens of messages
2025-12-06 19:28:24 [WARNING] crtrans.translator - Signature parse failed, fallback to raw text
2025-12-06 19:28:24 [INFO] crtrans.prompting - Calling DeepSeek with 1095 tokens of messages
2025-12-06 19:28:28 [INFO] crtrans.prompting - Calling DeepSeek with 1124 tokens of messages
2025-12-06 19:28:31 [INFO] __main__ - Wrote assembled Rust to rust/translated.rs
2025-12-06 19:28:31 [INFO] crtrans.rust_checker - Compiling Rust: rustc --edition 2021 rust/translated.rs -o rust/translated
2025-12-06 19:28:31 [WARNING] __main__ - Output mismatches:
Sample 1 mismatch: C stdout='5\n', Rust stdout='5\n', rc C=0, rc Rust=0
2025-12-06 19:28:31 [INFO] __main__ - Saved final Rust to rust/test.rs
2025-12-06 19:29:43 [INFO] __main__ - Using C file: /work/CRTrans/C/test.c
2025-12-06 19:29:43 [INFO] crtrans.info_builder - Compiling C: gcc -O0 /work/CRTrans/C/test.c -o temp/c_binary
2025-12-06 19:29:44 [INFO] crtrans.prompting - Calling DeepSeek with 426 tokens of messages
2025-12-06 19:29:47 [WARNING] crtrans.info_builder - LLM info parse failed, fallback to empty input
2025-12-06 19:29:47 [INFO] crtrans.info_builder - Wrote info.md to temp/info.md
2025-12-06 19:29:47 [INFO] crtrans.c2rust_wrapper - Wrote compile_commands.json at temp/compile_commands.json
2025-12-06 19:29:47 [INFO] crtrans.c2rust_wrapper - Running c2rust: c2rust transpile --emit-build-files --output-dir temp/c2rust temp/compile_commands.json
2025-12-06 19:29:47 [WARNING] crtrans.c_parser - libclang present but failed to initialize; using regex fallback
2025-12-06 19:29:47 [WARNING] crtrans.c_parser - libclang unavailable; falling back to regex feature extraction
2025-12-06 19:29:47 [INFO] crtrans.prompting - Calling DeepSeek with 299 tokens of messages
2025-12-06 19:29:50 [WARNING] crtrans.translator - Signature parse failed, fallback to raw text
2025-12-06 19:29:50 [INFO] crtrans.prompting - Calling DeepSeek with 1095 tokens of messages
2025-12-06 19:29:55 [INFO] crtrans.prompting - Calling DeepSeek with 1124 tokens of messages
2025-12-06 19:29:58 [INFO] __main__ - Wrote assembled Rust to rust/translated.rs
2025-12-06 19:29:58 [INFO] crtrans.rust_checker - Compiling Rust: rustc --edition 2021 rust/translated.rs -o rust/translated
2025-12-06 19:29:58 [INFO] __main__ - Outputs match for provided samples
2025-12-06 19:29:58 [INFO] __main__ - Saved final Rust to rust/test.rs
2025-12-06 19:37:29 [INFO] __main__ - Using C file: /work/CRTrans/C/merge_sort.c
2025-12-06 19:37:29 [INFO] crtrans.info_builder - Compiling C: gcc -O0 /work/CRTrans/C/merge_sort.c -o temp/c_binary
2025-12-06 19:37:29 [INFO] crtrans.prompting - Calling DeepSeek with 3013 tokens of messages
2025-12-06 19:37:35 [INFO] crtrans.info_builder - LLM info parse failed, using default empty sample
2025-12-06 19:37:35 [INFO] crtrans.info_builder - Wrote info.md to temp/info.md
2025-12-06 19:37:35 [INFO] crtrans.c2rust_wrapper - Wrote compile_commands.json at temp/compile_commands.json
2025-12-06 19:37:35 [INFO] crtrans.c2rust_wrapper - Running c2rust: c2rust transpile --emit-build-files --output-dir temp/c2rust temp/compile_commands.json
2025-12-06 19:37:35 [INFO] crtrans.c_parser - Using regex feature extraction
2025-12-06 19:37:35 [INFO] crtrans.prompting - Calling DeepSeek with 333 tokens of messages
2025-12-06 19:37:38 [INFO] crtrans.prompting - Calling DeepSeek with 5444 tokens of messages
2025-12-06 19:37:41 [INFO] crtrans.prompting - Calling DeepSeek with 574 tokens of messages
2025-12-06 19:37:41 [INFO] crtrans.prompting - Calling DeepSeek with 5733 tokens of messages
2025-12-06 19:37:56 [INFO] crtrans.prompting - Calling DeepSeek with 401 tokens of messages
2025-12-06 19:37:59 [INFO] crtrans.prompting - Calling DeepSeek with 5597 tokens of messages
2025-12-06 19:38:11 [INFO] crtrans.prompting - Calling DeepSeek with 1115 tokens of messages
2025-12-06 19:38:11 [INFO] crtrans.prompting - Calling DeepSeek with 6306 tokens of messages
2025-12-06 19:38:21 [INFO] crtrans.prompting - Calling DeepSeek with 6179 tokens of messages
2025-12-06 19:38:34 [INFO] __main__ - Wrote assembled Rust to rust/translated.rs
2025-12-06 19:38:34 [INFO] crtrans.rust_checker - Compiling Rust: rustc --edition 2021 rust/translated.rs -o rust/translated
2025-12-06 19:38:34 [ERROR] crtrans.rust_checker - rustc failed:
error[E0428]: the name `merge_sort` is defined multiple times
  --> rust/translated.rs:64:1
   |
 5 | fn merge_sort(a: &mut [i32], l: usize, r: usize) {
   | ------------------------------------------------ previous definition of the value `merge_sort` here
...
64 | fn merge_sort<T: Ord + Copy>(arr: &mut [T], left: usize, right: usize) {
   | ^^^^^^^^^^^^^^^^^^^^^^^^^^^^^^^^^^^^^^^^^^^^^^^^^^^^^^^^^^^^^^^^^^^^^^ `merge_sort` redefined here
   |
   = note: `merge_sort` must be defined only once in the value namespace of this module

error[E0308]: mismatched types
  --> rust/translated.rs:78:16
   |
64 | fn merge_sort<T: Ord + Copy>(arr: &mut [T], left: usize, right: usize) {
   |               - found this type parameter
...
78 |     merge_sort(arr, left, mid);
   |     ---------- ^^^ expected `&mut [i32]`, found `&mut [T]`
   |     |
   |     arguments to this function are incorrect
   |
   = note: expected mutable reference `&mut [i32]`
              found mutable reference `&mut [T]`
note: function defined here
  --> rust/translated.rs:5:4
   |
 5 | fn merge_sort(a: &mut [i32], l: usize, r: usize) {
   |    ^^^^^^^^^^ -------------

error[E0308]: mismatched types
  --> rust/translated.rs:79:16
   |
64 | fn merge_sort<T: Ord + Copy>(arr: &mut [T], left: usize, right: usize) {
   |               - found this type parameter
...
79 |     merge_sort(arr, mid + 1, right);
   |     ---------- ^^^ expected `&mut [i32]`, found `&mut [T]`
   |     |
   |     arguments to this function are incorrect
   |
   = note: expected mutable reference `&mut [i32]`
              found mutable reference `&mut [T]`
note: function defined here
  --> rust/translated.rs:5:4
   |
 5 | fn merge_sort(a: &mut [i32], l: usize, r: usize) {
   |    ^^^^^^^^^^ -------------

error: aborting due to 3 previous errors

Some errors have detailed explanations: E0308, E0428.
For more information about an error, try `rustc --explain E0308`.

2025-12-06 19:38:34 [WARNING] __main__ - rustc failed; invoking LLM fix iteration 1
2025-12-06 19:38:34 [INFO] crtrans.prompting - Calling DeepSeek with 7224 tokens of messages
2025-12-06 19:39:05 [INFO] crtrans.rust_checker - Compiling Rust: rustc --edition 2021 rust/translated.rs -o rust/translated
2025-12-06 19:39:06 [WARNING] __main__ - Output mismatches:
Sample 1 mismatch: C stdout='Enter Array size: Enter number[0]: Enter number[1]: Enter number[2]: Enter number[3]: Enter number[4]: Enter number[5]: Enter number[6]: Enter number[7]: Enter number[8]: Enter number[9]: Enter number[10]: Enter number[11]: Enter number[12]: Enter number[13]: Enter number[14]: Enter number[15]: Enter number[16]: Enter number[17]: Enter number[18]: Enter number[19]: Enter number[20]: Enter number[21]: Enter number[22]: Enter number[23]: Enter number[24]: Enter number[25]: Enter number[26]: Enter number[27]: Enter number[28]: Enter number[29]: Enter number[30]: Enter number[31]: Enter number[32]: Enter number[33]: Enter number[34]: Enter number[35]: Enter number[36]: Enter number[37]: Enter number[38]: Enter number[39]: Enter number[40]: Enter number[41]: Enter number[42]: Enter number[43]: Enter number[44]: Enter number[45]: Enter number[46]: Enter number[47]: Enter number[48]: Enter number[49]: Enter number[50]: Enter number[51]: Enter number[52]: Enter number[53]: Enter number[54]: Enter number[55]: Enter number[56]: Enter number[57]: Enter number[58]: Enter number[59]: Enter number[60]: Enter number[61]: Enter number[62]: Enter number[63]: Enter number[64]: Enter number[65]: Enter number[66]: Enter number[67]: Enter number[68]: Enter number[69]: Enter number[70]: Enter number[71]: Enter number[72]: Enter number[73]: Enter number[74]: Enter number[75]: Enter number[76]: Enter number[77]: Enter number[78]: Enter number[79]: Enter number[80]: Enter number[81]: Enter number[82]: Enter number[83]: Enter number[84]: Enter number[85]: Enter number[86]: Enter number[87]: Enter number[88]: Enter number[89]: Enter number[90]: Enter number[91]: Enter number[92]: Enter number[93]: Enter number[94]: Enter number[95]: Enter number[96]: Enter number[97]: Enter number[98]: Enter number[99]: Sorted Array: 0 0 0 0 0 0 0 0 0 0 0 0 0 0 0 0 0 0 0 0 0 0 0 0 0 0 0 0 0 0 0 0 0 0 0 0 0 0 0 0 0 0 0 0 0 0 0 0 0 0 0 0 0 0 0 0 0 0 0 0 0 0 0 0 0 0 0 0 0 0 0 0 0 0 0 0 0 0 0 0 0 0 0 0 0 0 0 0 0 0 0 0 0 0 0 0 0 0 0 0 \n', Rust stdout='Enter Array size: ', rc C=0, rc Rust=0
2025-12-06 19:39:06 [INFO] __main__ - Saved final Rust to rust/merge_sort.rs
2025-12-06 19:41:03 [INFO] __main__ - Using C file: /work/CRTrans/C/merge_sort.c
2025-12-06 19:41:03 [INFO] crtrans.info_builder - Compiling C: gcc -O0 /work/CRTrans/C/merge_sort.c -o temp/c_binary
2025-12-06 19:41:03 [INFO] crtrans.prompting - Calling DeepSeek with 3013 tokens of messages
2025-12-06 19:41:08 [INFO] crtrans.info_builder - LLM info parse failed, using default empty sample
2025-12-06 19:41:08 [INFO] crtrans.info_builder - Wrote info.md to temp/info.md
2025-12-06 19:41:08 [INFO] crtrans.c2rust_wrapper - Wrote compile_commands.json at temp/compile_commands.json
2025-12-06 19:41:08 [INFO] crtrans.c2rust_wrapper - Running c2rust: c2rust transpile --emit-build-files --output-dir temp/c2rust temp/compile_commands.json
2025-12-06 19:41:08 [INFO] crtrans.c_parser - Using regex feature extraction
2025-12-06 19:41:08 [INFO] crtrans.prompting - Calling DeepSeek with 333 tokens of messages
2025-12-06 19:41:11 [INFO] crtrans.prompting - Calling DeepSeek with 5444 tokens of messages
2025-12-06 19:41:11 [INFO] crtrans.prompting - Calling DeepSeek with 574 tokens of messages
2025-12-06 19:41:14 [INFO] crtrans.prompting - Calling DeepSeek with 5733 tokens of messages
2025-12-06 19:41:29 [INFO] crtrans.prompting - Calling DeepSeek with 401 tokens of messages
2025-12-06 19:41:33 [INFO] crtrans.prompting - Calling DeepSeek with 5588 tokens of messages
2025-12-06 19:41:43 [INFO] crtrans.prompting - Calling DeepSeek with 1115 tokens of messages
2025-12-06 19:41:46 [INFO] crtrans.prompting - Calling DeepSeek with 6297 tokens of messages
2025-12-06 19:41:56 [INFO] crtrans.prompting - Calling DeepSeek with 6170 tokens of messages
2025-12-06 19:42:09 [INFO] __main__ - Wrote assembled Rust to rust/translated.rs
2025-12-06 19:42:09 [INFO] crtrans.rust_checker - Compiling Rust: rustc --edition 2021 rust/translated.rs -o rust/translated
2025-12-06 19:42:10 [ERROR] crtrans.rust_checker - rustc failed:
error[E0428]: the name `swap` is defined multiple times
  --> rust/translated.rs:60:1
   |
 1 | fn swap(a: &mut i32, b: &mut i32) {
   | --------------------------------- previous definition of the value `swap` here
...
60 | fn swap(a: &mut i32, b: &mut i32) {
   | ^^^^^^^^^^^^^^^^^^^^^^^^^^^^^^^^^ `swap` redefined here
   |
   = note: `swap` must be defined only once in the value namespace of this module

error[E0428]: the name `merge_sort` is defined multiple times
  --> rust/translated.rs:66:1
   |
 5 | fn merge_sort(a: &mut [i32], l: usize, r: usize) {
   | ------------------------------------------------ previous definition of the value `merge_sort` here
...
66 | fn merge_sort<T: Ord + Copy>(a: &mut [T], l: usize, r: usize) {
   | ^^^^^^^^^^^^^^^^^^^^^^^^^^^^^^^^^^^^^^^^^^^^^^^^^^^^^^^^^^^^^ `merge_sort` redefined here
   |
   = note: `merge_sort` must be defined only once in the value namespace of this module

error[E0428]: the name `merge` is defined multiple times
   --> rust/translated.rs:114:1
    |
 29 | fn merge(a: &mut [i32], l: usize, mid: usize, r: usize) {
    | ------------------------------------------------------- previous definition of the value `merge` here
...
114 | fn merge(a: &mut [i32], l: usize, r: usize) {
    | ^^^^^^^^^^^^^^^^^^^^^^^^^^^^^^^^^^^^^^^^^^^ `merge` redefined here
    |
    = note: `merge` must be defined only once in the value namespace of this module

error[E0308]: mismatched types
  --> rust/translated.rs:80:16
   |
66 | fn merge_sort<T: Ord + Copy>(a: &mut [T], l: usize, r: usize) {
   |               - found this type parameter
...
80 |     merge_sort(a, l, mid);
   |     ---------- ^ expected `&mut [i32]`, found `&mut [T]`
   |     |
   |     arguments to this function are incorrect
   |
   = note: expected mutable reference `&mut [i32]`
              found mutable reference `&mut [T]`
note: function defined here
  --> rust/translated.rs:5:4
   |
 5 | fn merge_sort(a: &mut [i32], l: usize, r: usize) {
   |    ^^^^^^^^^^ -------------

error[E0308]: mismatched types
  --> rust/translated.rs:81:16
   |
66 | fn merge_sort<T: Ord + Copy>(a: &mut [T], l: usize, r: usize) {
   |               - found this type parameter
...
81 |     merge_sort(a, mid + 1, r);
   |     ---------- ^ expected `&mut [i32]`, found `&mut [T]`
   |     |
   |     arguments to this function are incorrect
   |
   = note: expected mutable reference `&mut [i32]`
              found mutable reference `&mut [T]`
note: function defined here
  --> rust/translated.rs:5:4
   |
 5 | fn merge_sort(a: &mut [i32], l: usize, r: usize) {
   |    ^^^^^^^^^^ -------------

error[E0499]: cannot borrow `a[_]` as mutable more than once at a time
  --> rust/translated.rs:14:29
   |
14 |             swap(&mut a[l], &mut a[r]);
   |             ---- ---------  ^^^^^^^^^ second mutable borrow occurs here
   |             |    |
   |             |    first mutable borrow occurs here
   |             first borrow later used by call
   |
   = help: use `.split_at_mut(position)` to obtain two mutable non-overlapping sub-slices

error: aborting due to 6 previous errors

Some errors have detailed explanations: E0308, E0428, E0499.
For more information about an error, try `rustc --explain E0308`.

2025-12-06 19:42:10 [INFO] __main__ - rustc failed; invoking LLM fix iteration 1
2025-12-06 19:42:10 [INFO] crtrans.prompting - Calling DeepSeek with 8388 tokens of messages
2025-12-06 19:42:32 [INFO] crtrans.rust_checker - Compiling Rust: rustc --edition 2021 rust/translated.rs -o rust/translated
2025-12-06 19:42:33 [INFO] __main__ - Output mismatches:
Sample 1 mismatch: C stdout='Enter Array size: Enter number[0]: Enter number[1]: Enter number[2]: Enter number[3]: Enter number[4]: Sorted Array: 1 2 3 4 5 \n', Rust stdout='Enter Array size: Enter number[0]: ', rc C=0, rc Rust=0
2025-12-06 19:42:33 [INFO] __main__ - Saved final Rust to rust/merge_sort.rs
2025-12-06 19:43:04 [INFO] __main__ - Using C file: /work/CRTrans/C/merge_sort.c
2025-12-06 19:43:04 [INFO] crtrans.info_builder - Compiling C: gcc -O0 /work/CRTrans/C/merge_sort.c -o temp/c_binary
2025-12-06 19:43:04 [INFO] crtrans.prompting - Calling DeepSeek with 3013 tokens of messages
2025-12-06 19:43:09 [INFO] crtrans.info_builder - LLM info parse failed, using default empty sample
2025-12-06 19:43:09 [INFO] crtrans.info_builder - Wrote info.md to temp/info.md
2025-12-06 19:43:09 [INFO] crtrans.c2rust_wrapper - Wrote compile_commands.json at temp/compile_commands.json
2025-12-06 19:43:09 [INFO] crtrans.c2rust_wrapper - Running c2rust: c2rust transpile --emit-build-files --output-dir temp/c2rust temp/compile_commands.json
2025-12-06 19:43:09 [INFO] crtrans.c_parser - Using regex feature extraction
2025-12-06 19:43:09 [INFO] crtrans.prompting - Calling DeepSeek with 333 tokens of messages
2025-12-06 19:43:12 [INFO] crtrans.prompting - Calling DeepSeek with 5444 tokens of messages
2025-12-06 19:43:12 [INFO] crtrans.prompting - Calling DeepSeek with 574 tokens of messages
2025-12-06 19:43:15 [INFO] crtrans.prompting - Calling DeepSeek with 5733 tokens of messages
2025-12-06 19:43:29 [INFO] crtrans.prompting - Calling DeepSeek with 401 tokens of messages
2025-12-06 19:43:33 [INFO] crtrans.prompting - Calling DeepSeek with 5597 tokens of messages
2025-12-06 19:43:41 [INFO] crtrans.prompting - Calling DeepSeek with 1115 tokens of messages
2025-12-06 19:43:45 [INFO] crtrans.prompting - Calling DeepSeek with 6306 tokens of messages
2025-12-06 19:43:56 [INFO] crtrans.prompting - Calling DeepSeek with 6179 tokens of messages
2025-12-06 19:44:08 [INFO] __main__ - Wrote assembled Rust to rust/translated.rs
2025-12-06 19:44:08 [INFO] crtrans.rust_checker - Compiling Rust: rustc --edition 2021 rust/translated.rs -o rust/translated
2025-12-06 19:44:08 [ERROR] crtrans.rust_checker - rustc failed:
error[E0428]: the name `merge_sort` is defined multiple times
  --> rust/translated.rs:59:1
   |
 5 | fn merge_sort(a: &mut [i32], l: usize, r: usize) {
   | ------------------------------------------------ previous definition of the value `merge_sort` here
...
59 | fn merge_sort<T: Ord + Copy>(arr: &mut [T], left: usize, right: usize) {
   | ^^^^^^^^^^^^^^^^^^^^^^^^^^^^^^^^^^^^^^^^^^^^^^^^^^^^^^^^^^^^^^^^^^^^^^ `merge_sort` redefined here
   |
   = note: `merge_sort` must be defined only once in the value namespace of this module

error[E0428]: the name `merge` is defined multiple times
   --> rust/translated.rs:107:1
    |
 28 | fn merge(a: &mut [i32], l: usize, mid: usize, r: usize) {
    | ------------------------------------------------------- previous definition of the value `merge` here
...
107 | fn merge(a: &mut [i32], l: usize, r: usize) {
    | ^^^^^^^^^^^^^^^^^^^^^^^^^^^^^^^^^^^^^^^^^^^ `merge` redefined here
    |
    = note: `merge` must be defined only once in the value namespace of this module

error[E0308]: mismatched types
  --> rust/translated.rs:73:16
   |
59 | fn merge_sort<T: Ord + Copy>(arr: &mut [T], left: usize, right: usize) {
   |               - found this type parameter
...
73 |     merge_sort(arr, left, mid);
   |     ---------- ^^^ expected `&mut [i32]`, found `&mut [T]`
   |     |
   |     arguments to this function are incorrect
   |
   = note: expected mutable reference `&mut [i32]`
              found mutable reference `&mut [T]`
note: function defined here
  --> rust/translated.rs:5:4
   |
 5 | fn merge_sort(a: &mut [i32], l: usize, r: usize) {
   |    ^^^^^^^^^^ -------------

error[E0308]: mismatched types
  --> rust/translated.rs:74:16
   |
59 | fn merge_sort<T: Ord + Copy>(arr: &mut [T], left: usize, right: usize) {
   |               - found this type parameter
...
74 |     merge_sort(arr, mid + 1, right);
   |     ---------- ^^^ expected `&mut [i32]`, found `&mut [T]`
   |     |
   |     arguments to this function are incorrect
   |
   = note: expected mutable reference `&mut [i32]`
              found mutable reference `&mut [T]`
note: function defined here
  --> rust/translated.rs:5:4
   |
 5 | fn merge_sort(a: &mut [i32], l: usize, r: usize) {
   |    ^^^^^^^^^^ -------------

error: aborting due to 4 previous errors

Some errors have detailed explanations: E0308, E0428.
For more information about an error, try `rustc --explain E0308`.

2025-12-06 19:44:08 [INFO] __main__ - rustc failed; invoking LLM fix iteration 1
2025-12-06 19:44:08 [INFO] crtrans.prompting - Calling DeepSeek with 7466 tokens of messages
2025-12-06 19:44:37 [INFO] crtrans.rust_checker - Compiling Rust: rustc --edition 2021 rust/translated.rs -o rust/translated
2025-12-06 19:44:38 [INFO] __main__ - Output mismatches:
Sample 1 mismatch: C stdout='Enter Array size: Enter number[0]: Enter number[1]: Enter number[2]: Enter number[3]: Enter number[4]: Sorted Array: 1 2 3 4 5 \n', Rust stdout='Enter Array size: Enter number[0]: Enter number[1]: Enter number[2]: Enter number[3]: Enter number[4]: Sorted Array: 0 0 0 0 0 \n', rc C=0, rc Rust=0
2025-12-06 19:44:38 [INFO] __main__ - Saved final Rust to rust/merge_sort.rs
2025-12-06 19:46:44 [INFO] __main__ - Using C file: /work/CRTrans/C/merge_sort.c
2025-12-06 19:46:44 [INFO] crtrans.info_builder - Compiling C: gcc -O0 /work/CRTrans/C/merge_sort.c -o temp/c_binary
2025-12-06 19:46:44 [INFO] crtrans.prompting - Calling DeepSeek with 3013 tokens of messages
2025-12-06 19:46:49 [INFO] crtrans.info_builder - LLM info parse failed, using default empty sample
2025-12-06 19:46:49 [INFO] crtrans.info_builder - Wrote info.md to temp/info.md
2025-12-06 19:46:49 [INFO] crtrans.c2rust_wrapper - Wrote compile_commands.json at temp/compile_commands.json
2025-12-06 19:46:49 [INFO] crtrans.c2rust_wrapper - Running c2rust: c2rust transpile --emit-build-files --output-dir temp/c2rust temp/compile_commands.json
2025-12-06 19:46:50 [INFO] crtrans.c_parser - Using regex feature extraction
2025-12-06 19:46:50 [INFO] crtrans.prompting - Calling DeepSeek with 333 tokens of messages
2025-12-06 19:46:53 [INFO] crtrans.prompting - Calling DeepSeek with 5444 tokens of messages
2025-12-06 19:46:55 [INFO] crtrans.prompting - Calling DeepSeek with 574 tokens of messages
2025-12-06 19:46:58 [INFO] crtrans.prompting - Calling DeepSeek with 5733 tokens of messages
2025-12-06 19:47:13 [INFO] crtrans.prompting - Calling DeepSeek with 401 tokens of messages
2025-12-06 19:47:16 [INFO] crtrans.prompting - Calling DeepSeek with 5597 tokens of messages
2025-12-06 19:47:23 [INFO] crtrans.prompting - Calling DeepSeek with 1115 tokens of messages
2025-12-06 19:47:31 [INFO] crtrans.prompting - Calling DeepSeek with 6306 tokens of messages
2025-12-06 19:47:40 [INFO] crtrans.prompting - Calling DeepSeek with 6179 tokens of messages
2025-12-06 19:47:52 [INFO] __main__ - Wrote assembled Rust to rust/translated.rs
2025-12-06 19:47:52 [INFO] crtrans.rust_checker - Compiling Rust: rustc --edition 2021 rust/translated.rs -o rust/translated
2025-12-06 19:47:52 [ERROR] crtrans.rust_checker - rustc failed:
error[E0428]: the name `swap` is defined multiple times
  --> rust/translated.rs:60:1
   |
 1 | fn swap(a: &mut i32, b: &mut i32) {
   | --------------------------------- previous definition of the value `swap` here
...
60 | fn swap(a: &mut i32, b: &mut i32) {
   | ^^^^^^^^^^^^^^^^^^^^^^^^^^^^^^^^^ `swap` redefined here
   |
   = note: `swap` must be defined only once in the value namespace of this module

error[E0428]: the name `merge_sort` is defined multiple times
  --> rust/translated.rs:64:1
   |
 5 | fn merge_sort(a: &mut [i32], l: usize, r: usize) {
   | ------------------------------------------------ previous definition of the value `merge_sort` here
...
64 | fn merge_sort<T: Ord + Copy>(arr: &mut [T], left: usize, right: usize) {
   | ^^^^^^^^^^^^^^^^^^^^^^^^^^^^^^^^^^^^^^^^^^^^^^^^^^^^^^^^^^^^^^^^^^^^^^ `merge_sort` redefined here
   |
   = note: `merge_sort` must be defined only once in the value namespace of this module

error[E0428]: the name `merge` is defined multiple times
   --> rust/translated.rs:112:1
    |
 28 | fn merge(a: &mut [i32], l: usize, mid: usize, r: usize) {
    | ------------------------------------------------------- previous definition of the value `merge` here
...
112 | fn merge(a: &mut [i32], l: usize, r: usize) {
    | ^^^^^^^^^^^^^^^^^^^^^^^^^^^^^^^^^^^^^^^^^^^ `merge` redefined here
    |
    = note: `merge` must be defined only once in the value namespace of this module

error[E0308]: mismatched types
  --> rust/translated.rs:78:16
   |
64 | fn merge_sort<T: Ord + Copy>(arr: &mut [T], left: usize, right: usize) {
   |               - found this type parameter
...
78 |     merge_sort(arr, left, mid);
   |     ---------- ^^^ expected `&mut [i32]`, found `&mut [T]`
   |     |
   |     arguments to this function are incorrect
   |
   = note: expected mutable reference `&mut [i32]`
              found mutable reference `&mut [T]`
note: function defined here
  --> rust/translated.rs:5:4
   |
 5 | fn merge_sort(a: &mut [i32], l: usize, r: usize) {
   |    ^^^^^^^^^^ -------------

error[E0308]: mismatched types
  --> rust/translated.rs:79:16
   |
64 | fn merge_sort<T: Ord + Copy>(arr: &mut [T], left: usize, right: usize) {
   |               - found this type parameter
...
79 |     merge_sort(arr, mid + 1, right);
   |     ---------- ^^^ expected `&mut [i32]`, found `&mut [T]`
   |     |
   |     arguments to this function are incorrect
   |
   = note: expected mutable reference `&mut [i32]`
              found mutable reference `&mut [T]`
note: function defined here
  --> rust/translated.rs:5:4
   |
 5 | fn merge_sort(a: &mut [i32], l: usize, r: usize) {
   |    ^^^^^^^^^^ -------------

error: aborting due to 5 previous errors

Some errors have detailed explanations: E0308, E0428.
For more information about an error, try `rustc --explain E0308`.

2025-12-06 19:47:52 [INFO] __main__ - rustc failed; invoking LLM fix iteration 1
2025-12-06 19:47:52 [INFO] crtrans.prompting - Calling DeepSeek with 8086 tokens of messages
2025-12-06 19:48:24 [INFO] crtrans.rust_checker - Compiling Rust: rustc --edition 2021 rust/translated.rs -o rust/translated
2025-12-06 19:48:24 [INFO] __main__ - Output mismatches detected; invoking LLM fix iteration 1
2025-12-06 19:48:24 [INFO] crtrans.prompting - Calling DeepSeek with 3366 tokens of messages
2025-12-06 19:48:46 [INFO] crtrans.rust_checker - Compiling Rust: rustc --edition 2021 rust/translated.rs -o rust/translated
2025-12-06 19:48:47 [INFO] __main__ - Output mismatches detected; invoking LLM fix iteration 2
2025-12-06 19:48:47 [INFO] crtrans.prompting - Calling DeepSeek with 3362 tokens of messages
2025-12-06 19:49:10 [INFO] crtrans.rust_checker - Compiling Rust: rustc --edition 2021 rust/translated.rs -o rust/translated
2025-12-06 19:49:11 [INFO] __main__ - Output mismatches detected; invoking LLM fix iteration 3
2025-12-06 19:49:11 [INFO] crtrans.prompting - Calling DeepSeek with 3362 tokens of messages
2025-12-06 19:49:33 [INFO] crtrans.rust_checker - Compiling Rust: rustc --edition 2021 rust/translated.rs -o rust/translated
2025-12-06 19:49:34 [INFO] __main__ - Remaining output mismatches after fixes:
Sample 1 mismatch: C stdout='Enter Array size: Enter number[0]: Enter number[1]: Enter number[2]: Enter number[3]: Enter number[4]: Sorted Array: 1 2 3 4 5 \n', Rust stdout='Enter Array size: Enter number[0]: ', rc C=0, rc Rust=0
2025-12-06 19:49:34 [INFO] __main__ - Saved final Rust to rust/merge_sort.rs
2025-12-06 19:51:39 [INFO] __main__ - Using C file: /work/CRTrans/C/merge_sort.c
2025-12-06 19:51:39 [INFO] crtrans.info_builder - Compiling C: gcc -O0 /work/CRTrans/C/merge_sort.c -o temp/c_binary
2025-12-06 19:51:40 [INFO] crtrans.prompting - Calling DeepSeek with 3013 tokens of messages
2025-12-06 19:51:45 [INFO] crtrans.info_builder - LLM info parse failed, using default empty sample
2025-12-06 19:51:45 [INFO] crtrans.info_builder - Wrote info.md to temp/info.md
2025-12-06 19:51:45 [INFO] crtrans.c2rust_wrapper - Wrote compile_commands.json at temp/compile_commands.json
2025-12-06 19:51:45 [INFO] crtrans.c2rust_wrapper - Running c2rust: c2rust transpile --emit-build-files --output-dir temp/c2rust temp/compile_commands.json
2025-12-06 19:51:46 [INFO] crtrans.c_parser - Using regex feature extraction
2025-12-06 19:51:46 [INFO] crtrans.prompting - Calling DeepSeek with 333 tokens of messages
2025-12-06 19:51:48 [INFO] crtrans.prompting - Calling DeepSeek with 5444 tokens of messages
2025-12-06 19:51:51 [INFO] crtrans.prompting - Calling DeepSeek with 574 tokens of messages
2025-12-06 19:52:00 [INFO] crtrans.prompting - Calling DeepSeek with 5733 tokens of messages
2025-12-06 19:52:10 [INFO] crtrans.prompting - Calling DeepSeek with 401 tokens of messages
2025-12-06 19:52:13 [INFO] crtrans.prompting - Calling DeepSeek with 5597 tokens of messages
2025-12-06 19:52:24 [INFO] crtrans.prompting - Calling DeepSeek with 1115 tokens of messages
2025-12-06 19:52:28 [INFO] crtrans.prompting - Calling DeepSeek with 6306 tokens of messages
2025-12-06 19:52:36 [INFO] crtrans.prompting - Calling DeepSeek with 6179 tokens of messages
2025-12-06 19:53:45 [INFO] __main__ - Using C file: /work/CRTrans/C/merge_sort.c
2025-12-06 19:53:45 [INFO] crtrans.info_builder - Compiling C: gcc -O0 /work/CRTrans/C/merge_sort.c -o temp/c_binary
2025-12-06 19:53:46 [INFO] crtrans.prompting - Calling DeepSeek with 3013 tokens of messages
2025-12-06 19:53:51 [INFO] crtrans.info_builder - LLM info parse failed, using default empty sample
2025-12-06 19:53:51 [INFO] crtrans.info_builder - Wrote info.md to temp/info.md
2025-12-06 19:53:51 [INFO] crtrans.c2rust_wrapper - Wrote compile_commands.json at temp/compile_commands.json
2025-12-06 19:53:51 [INFO] crtrans.c2rust_wrapper - Running c2rust: c2rust transpile --emit-build-files --output-dir temp/c2rust temp/compile_commands.json
2025-12-06 19:53:51 [INFO] crtrans.c_parser - Using regex feature extraction
2025-12-06 19:53:51 [INFO] crtrans.prompting - Calling DeepSeek with 333 tokens of messages
2025-12-06 19:53:54 [INFO] crtrans.prompting - Calling DeepSeek with 5444 tokens of messages
2025-12-06 19:54:00 [INFO] crtrans.prompting - Calling DeepSeek with 574 tokens of messages
2025-12-06 19:54:03 [INFO] crtrans.prompting - Calling DeepSeek with 5733 tokens of messages
2025-12-06 19:54:16 [INFO] crtrans.prompting - Calling DeepSeek with 401 tokens of messages
2025-12-06 19:54:20 [INFO] crtrans.prompting - Calling DeepSeek with 5597 tokens of messages
2025-12-06 19:54:31 [INFO] crtrans.prompting - Calling DeepSeek with 1115 tokens of messages
2025-12-06 19:54:33 [INFO] crtrans.prompting - Calling DeepSeek with 6306 tokens of messages
2025-12-06 19:54:43 [INFO] crtrans.prompting - Calling DeepSeek with 6179 tokens of messages
2025-12-06 19:54:58 [INFO] __main__ - Wrote assembled Rust to rust/translated.rs
2025-12-06 19:54:58 [INFO] crtrans.rust_checker - Compiling Rust: rustc --edition 2021 rust/translated.rs -o rust/translated
2025-12-06 19:54:58 [ERROR] crtrans.rust_checker - rustc failed:
error[E0499]: cannot borrow `a[_]` as mutable more than once at a time
 --> rust/translated.rs:8:29
  |
8 |             swap(&mut a[l], &mut a[r]);
  |             ---- ---------  ^^^^^^^^^ second mutable borrow occurs here
  |             |    |
  |             |    first mutable borrow occurs here
  |             first borrow later used by call
  |
  = help: use `.split_at_mut(position)` to obtain two mutable non-overlapping sub-slices

error: aborting due to 1 previous error

For more information about this error, try `rustc --explain E0499`.

2025-12-06 19:54:58 [INFO] __main__ - rustc failed; invoking LLM fix iteration 1
2025-12-06 19:54:58 [INFO] crtrans.prompting - Calling DeepSeek with 3688 tokens of messages
2025-12-06 19:55:22 [INFO] crtrans.rust_checker - Compiling Rust: rustc --edition 2021 rust/translated.rs -o rust/translated
2025-12-06 19:55:23 [INFO] __main__ - Output mismatches detected; invoking LLM fix iteration 1
2025-12-06 19:55:23 [INFO] crtrans.prompting - Calling DeepSeek with 3566 tokens of messages
2025-12-06 19:55:46 [INFO] crtrans.rust_checker - Compiling Rust: rustc --edition 2021 rust/translated.rs -o rust/translated
2025-12-06 19:55:46 [INFO] __main__ - Output mismatches detected; invoking LLM fix iteration 2
2025-12-06 19:55:46 [INFO] crtrans.prompting - Calling DeepSeek with 3509 tokens of messages
2025-12-06 19:56:15 [INFO] crtrans.rust_checker - Compiling Rust: rustc --edition 2021 rust/translated.rs -o rust/translated
2025-12-06 19:56:15 [INFO] __main__ - Output mismatches detected; invoking LLM fix iteration 3
2025-12-06 19:56:15 [INFO] crtrans.prompting - Calling DeepSeek with 3509 tokens of messages
2025-12-06 19:56:40 [INFO] crtrans.rust_checker - Compiling Rust: rustc --edition 2021 rust/translated.rs -o rust/translated
2025-12-06 19:56:40 [INFO] __main__ - Remaining output mismatches after fixes:
Sample 1 mismatch: C stdout='Enter Array size: Enter number[0]: Enter number[1]: Enter number[2]: Enter number[3]: Enter number[4]: Sorted Array: 1 2 3 4 5 \n', Rust stdout='Enter Array size: Enter number[0]: ', rc C=0, rc Rust=0
2025-12-06 19:56:40 [INFO] __main__ - Saved final Rust to rust/merge_sort.rs
2025-12-06 20:07:17 [INFO] __main__ - Using C file: /work/CRTrans/C/test.c
2025-12-06 20:07:17 [INFO] crtrans.info_builder - Compiling C: gcc -O0 /work/CRTrans/C/test.c -o temp/c_binary
2025-12-06 20:07:18 [INFO] crtrans.prompting - Calling DeepSeek with 426 tokens of messages
2025-12-06 20:07:18 [WARNING] crtrans.info_builder - LLM info parse failed, fallback to empty input
2025-12-06 20:07:18 [INFO] crtrans.info_builder - Wrote info.md to temp/info.md
2025-12-06 20:07:18 [INFO] crtrans.c2rust_wrapper - Wrote compile_commands.json at temp/compile_commands.json
2025-12-06 20:07:18 [INFO] crtrans.c2rust_wrapper - Running c2rust: c2rust transpile --emit-build-files --output-dir temp/c2rust temp/compile_commands.json
2025-12-06 20:07:18 [WARNING] crtrans.c_parser - libclang present but failed to initialize; using regex fallback
2025-12-06 20:07:18 [WARNING] crtrans.c_parser - libclang unavailable; falling back to regex feature extraction
2025-12-06 20:07:18 [INFO] crtrans.prompting - Calling DeepSeek with 299 tokens of messages
2025-12-06 20:07:21 [WARNING] crtrans.translator - Signature parse failed, fallback to raw text
2025-12-06 20:07:21 [INFO] crtrans.prompting - Calling DeepSeek with 1095 tokens of messages
2025-12-06 20:07:24 [INFO] crtrans.prompting - Calling DeepSeek with 1124 tokens of messages
2025-12-06 20:07:26 [INFO] __main__ - Wrote assembled Rust to rust/translated.rs
2025-12-06 20:07:26 [INFO] crtrans.rust_checker - Compiling Rust: rustc --edition 2021 rust/translated.rs -o rust/translated
2025-12-06 20:07:26 [INFO] __main__ - Outputs match for provided samples
2025-12-06 20:07:26 [INFO] __main__ - Saved final Rust to rust/test.rs
2025-12-06 20:13:41 [INFO] __main__ - Using C file: /work/CRTrans/C/quick_sort.c
2025-12-06 20:13:41 [INFO] crtrans.info_builder - Compiling C: gcc -O0 /work/CRTrans/C/quick_sort.c -o temp/c_binary
2025-12-06 20:13:42 [INFO] crtrans.prompting - Calling DeepSeek with 2610 tokens of messages
2025-12-06 20:13:46 [INFO] crtrans.info_builder - Wrote info.md to temp/info.md
2025-12-06 20:13:46 [INFO] crtrans.c2rust_wrapper - Wrote compile_commands.json at temp/compile_commands.json
2025-12-06 20:13:46 [INFO] crtrans.c2rust_wrapper - Running c2rust: c2rust transpile --emit-build-files --output-dir temp/c2rust temp/compile_commands.json
2025-12-06 20:13:47 [INFO] crtrans.prompting - Calling DeepSeek with 391 tokens of messages
2025-12-06 20:13:50 [INFO] crtrans.prompting - Calling DeepSeek with 4119 tokens of messages
2025-12-06 20:13:54 [INFO] crtrans.prompting - Calling DeepSeek with 359 tokens of messages
2025-12-06 20:13:57 [INFO] crtrans.prompting - Calling DeepSeek with 4106 tokens of messages
2025-12-06 20:14:00 [INFO] crtrans.prompting - Calling DeepSeek with 824 tokens of messages
2025-12-06 20:14:03 [INFO] crtrans.prompting - Calling DeepSeek with 4637 tokens of messages
2025-12-06 20:14:12 [INFO] crtrans.prompting - Calling DeepSeek with 693 tokens of messages
2025-12-06 20:14:14 [INFO] crtrans.prompting - Calling DeepSeek with 4494 tokens of messages
2025-12-06 20:14:22 [INFO] crtrans.prompting - Calling DeepSeek with 4554 tokens of messages
2025-12-06 20:14:38 [INFO] __main__ - Wrote assembled Rust to rust/translated.rs
2025-12-06 20:14:38 [INFO] crtrans.rust_checker - Compiling Rust: rustc --edition 2021 rust/translated.rs -o rust/translated
2025-12-06 20:14:38 [INFO] __main__ - Output mismatches detected; invoking LLM fix iteration 1
2025-12-06 20:14:38 [INFO] crtrans.prompting - Calling DeepSeek with 4192 tokens of messages
2025-12-06 20:14:56 [INFO] crtrans.rust_checker - Compiling Rust: rustc --edition 2021 rust/translated.rs -o rust/translated
2025-12-06 20:14:57 [INFO] __main__ - Output mismatches detected; invoking LLM fix iteration 2
2025-12-06 20:14:57 [INFO] crtrans.prompting - Calling DeepSeek with 3257 tokens of messages
2025-12-06 20:15:18 [INFO] crtrans.rust_checker - Compiling Rust: rustc --edition 2021 rust/translated.rs -o rust/translated
2025-12-06 20:15:16 [INFO] __main__ - Outputs match for provided samples
2025-12-06 20:15:16 [INFO] __main__ - Saved final Rust to rust/quick_sort.rs
2025-12-06 20:15:49 [INFO] __main__ - Using C file: /work/CRTrans/C/quick_sort.c
2025-12-06 20:15:49 [INFO] crtrans.info_builder - Compiling C: gcc -O0 /work/CRTrans/C/quick_sort.c -o temp/c_binary
2025-12-06 20:15:49 [INFO] crtrans.prompting - Calling DeepSeek with 2610 tokens of messages
2025-12-06 20:15:54 [INFO] crtrans.info_builder - Wrote info.md to temp/info.md
2025-12-06 20:15:54 [INFO] crtrans.c2rust_wrapper - Wrote compile_commands.json at temp/compile_commands.json
2025-12-06 20:15:54 [INFO] crtrans.c2rust_wrapper - Running c2rust: c2rust transpile --emit-build-files --output-dir temp/c2rust temp/compile_commands.json
2025-12-06 20:15:54 [INFO] crtrans.prompting - Calling DeepSeek with 391 tokens of messages
2025-12-06 20:15:57 [INFO] crtrans.prompting - Calling DeepSeek with 4119 tokens of messages
2025-12-06 20:16:00 [INFO] crtrans.prompting - Calling DeepSeek with 359 tokens of messages
2025-12-06 20:16:03 [INFO] crtrans.prompting - Calling DeepSeek with 4106 tokens of messages
2025-12-06 20:16:05 [INFO] crtrans.prompting - Calling DeepSeek with 824 tokens of messages
2025-12-06 20:16:08 [INFO] crtrans.prompting - Calling DeepSeek with 4637 tokens of messages
2025-12-06 20:16:13 [INFO] crtrans.prompting - Calling DeepSeek with 693 tokens of messages
2025-12-06 20:16:16 [INFO] crtrans.prompting - Calling DeepSeek with 4494 tokens of messages
2025-12-06 20:16:20 [INFO] crtrans.prompting - Calling DeepSeek with 4554 tokens of messages
2025-12-06 20:16:38 [INFO] __main__ - Wrote assembled Rust to rust/translated.rs
2025-12-06 20:16:38 [INFO] crtrans.rust_checker - Compiling Rust: rustc --edition 2021 rust/translated.rs -o rust/translated
2025-12-06 20:16:38 [INFO] __main__ - Output mismatches detected; invoking LLM fix iteration 1
2025-12-06 20:16:38 [INFO] crtrans.prompting - Calling DeepSeek with 4015 tokens of messages
2025-12-06 20:17:07 [INFO] crtrans.rust_checker - Compiling Rust: rustc --edition 2021 rust/translated.rs -o rust/translated
2025-12-06 20:17:07 [ERROR] crtrans.rust_checker - rustc failed:
error: unknown start of token: `
 --> rust/translated.rs:1:141
  |
1 | ...re it reads elements: it creates a new `String` for each element, but the input...
  |                                           ^
  |
help: Unicode character '`' (Grave Accent) looks like ''' (Single Quote), but it is not
  |
1 - The issue is that the Rust code is reading array elements incorrectly. The problem is in the loop where it reads elements: it creates a new `String` for each element, but the input is expected to be space-separated on a single line (as in the C reference). The C code uses `scanf("%d", &arr[i])` which reads integers separated by whitespace, not necessarily on separate lines.
1 + The issue is that the Rust code is reading array elements incorrectly. The problem is in the loop where it reads elements: it creates a new 'String` for each element, but the input is expected to be space-separated on a single line (as in the C reference). The C code uses `scanf("%d", &arr[i])` which reads integers separated by whitespace, not necessarily on separate lines.
  |

error: unknown start of token: `
 --> rust/translated.rs:1:148
  |
1 | ...eads elements: it creates a new `String` for each element, but the input is exp...
  |                                           ^
  |
help: Unicode character '`' (Grave Accent) looks like ''' (Single Quote), but it is not
  |
1 - The issue is that the Rust code is reading array elements incorrectly. The problem is in the loop where it reads elements: it creates a new `String` for each element, but the input is expected to be space-separated on a single line (as in the C reference). The C code uses `scanf("%d", &arr[i])` which reads integers separated by whitespace, not necessarily on separate lines.
1 + The issue is that the Rust code is reading array elements incorrectly. The problem is in the loop where it reads elements: it creates a new `String' for each element, but the input is expected to be space-separated on a single line (as in the C reference). The C code uses `scanf("%d", &arr[i])` which reads integers separated by whitespace, not necessarily on separate lines.
  |

error: unknown start of token: `
 --> rust/translated.rs:1:274
  |
1 | ...s in the C reference). The C code uses `scanf("%d", &arr[i])` which reads integ...
  |                                           ^
  |
help: Unicode character '`' (Grave Accent) looks like ''' (Single Quote), but it is not
  |
1 - The issue is that the Rust code is reading array elements incorrectly. The problem is in the loop where it reads elements: it creates a new `String` for each element, but the input is expected to be space-separated on a single line (as in the C reference). The C code uses `scanf("%d", &arr[i])` which reads integers separated by whitespace, not necessarily on separate lines.
1 + The issue is that the Rust code is reading array elements incorrectly. The problem is in the loop where it reads elements: it creates a new `String` for each element, but the input is expected to be space-separated on a single line (as in the C reference). The C code uses 'scanf("%d", &arr[i])` which reads integers separated by whitespace, not necessarily on separate lines.
  |

error: unknown start of token: `
 --> rust/translated.rs:1:295
  |
1 | .... The C code uses `scanf("%d", &arr[i])` which reads integers separated by whit...
  |                                           ^
  |
help: Unicode character '`' (Grave Accent) looks like ''' (Single Quote), but it is not
  |
1 - The issue is that the Rust code is reading array elements incorrectly. The problem is in the loop where it reads elements: it creates a new `String` for each element, but the input is expected to be space-separated on a single line (as in the C reference). The C code uses `scanf("%d", &arr[i])` which reads integers separated by whitespace, not necessarily on separate lines.
1 + The issue is that the Rust code is reading array elements incorrectly. The problem is in the loop where it reads elements: it creates a new `String` for each element, but the input is expected to be space-separated on a single line (as in the C reference). The C code uses `scanf("%d", &arr[i])' which reads integers separated by whitespace, not necessarily on separate lines.
  |

error: prefix `Here` is unknown
 --> rust/translated.rs:3:1
  |
3 | Here's the corrected Rust code:
  | ^^^^ unknown prefix
  |
  = note: prefixed identifiers and literals are reserved since Rust 2021
help: consider inserting whitespace here
  |
3 | Here 's the corrected Rust code:
  |     +

error: unknown start of token: `
 --> rust/translated.rs:5:1
  |
5 | ```rust
  | ^^^
  |
  = note: character appears 2 more times
help: Unicode character '`' (Grave Accent) looks like ''' (Single Quote), but it is not
  |
5 - ```rust
5 + '''rust
  |

error: unknown start of token: `
   --> rust/translated.rs:100:1
    |
100 | ```
    | ^^^
    |
    = note: character appears 2 more times
help: Unicode character '`' (Grave Accent) looks like ''' (Single Quote), but it is not
    |
100 - ```
100 + '''
    |

error: unknown start of token: `
   --> rust/translated.rs:104:10
    |
104 | 2. Added `io::stdout().flush().unwrap()` after the "Enter the elements of the ar...
    |          ^
    |
help: Unicode character '`' (Grave Accent) looks like ''' (Single Quote), but it is not
    |
104 - 2. Added `io::stdout().flush().unwrap()` after the "Enter the elements of the array" prompt to ensure the prompt appears before reading input.
104 + 2. Added 'io::stdout().flush().unwrap()` after the "Enter the elements of the array" prompt to ensure the prompt appears before reading input.
    |

error: unknown start of token: `
   --> rust/translated.rs:104:40
    |
104 | 2. Added `io::stdout().flush().unwrap()` after the "Enter the elements of the ar...
    |                                        ^
    |
help: Unicode character '`' (Grave Accent) looks like ''' (Single Quote), but it is not
    |
104 - 2. Added `io::stdout().flush().unwrap()` after the "Enter the elements of the array" prompt to ensure the prompt appears before reading input.
104 + 2. Added `io::stdout().flush().unwrap()' after the "Enter the elements of the array" prompt to ensure the prompt appears before reading input.
    |

error: unknown start of token: `
   --> rust/translated.rs:105:41
    |
105 | 3. Created a copy of the array to sort (`arr_copy`) so we can display both the o...
    |                                         ^
    |
help: Unicode character '`' (Grave Accent) looks like ''' (Single Quote), but it is not
    |
105 - 3. Created a copy of the array to sort (`arr_copy`) so we can display both the original and sorted arrays.
105 + 3. Created a copy of the array to sort ('arr_copy`) so we can display both the original and sorted arrays.
    |

error: unknown start of token: `
   --> rust/translated.rs:105:50
    |
105 | 3. Created a copy of the array to sort (`arr_copy`) so we can display both the o...
    |                                                  ^
    |
help: Unicode character '`' (Grave Accent) looks like ''' (Single Quote), but it is not
    |
105 - 3. Created a copy of the array to sort (`arr_copy`) so we can display both the original and sorted arrays.
105 + 3. Created a copy of the array to sort (`arr_copy') so we can display both the original and sorted arrays.
    |

error: unknown start of token: `
   --> rust/translated.rs:109:1
    |
109 | ```
    | ^^^
    |
    = note: character appears 2 more times
help: Unicode character '`' (Grave Accent) looks like ''' (Single Quote), but it is not
    |
109 - ```
109 + '''
    |

error: unknown start of token: `
   --> rust/translated.rs:112:1
    |
112 | ```
    | ^^^
    |
    = note: character appears 2 more times
help: Unicode character '`' (Grave Accent) looks like ''' (Single Quote), but it is not
    |
112 - ```
112 + '''
    |

error: unknown start of token: `
   --> rust/translated.rs:115:1
    |
115 | ```
    | ^^^
    |
    = note: character appears 2 more times
help: Unicode character '`' (Grave Accent) looks like ''' (Single Quote), but it is not
    |
115 - ```
115 + '''
    |

error: unknown start of token: `
   --> rust/translated.rs:122:1
    |
122 | ```
    | ^^^
    |
    = note: character appears 2 more times
help: Unicode character '`' (Grave Accent) looks like ''' (Single Quote), but it is not
    |
122 - ```
122 + '''
    |

error: unknown start of token: `
   --> rust/translated.rs:124:163
    |
124 | ... (which returns 0 as the default from `unwrap_or(0)`).
    |                                          ^
    |
help: Unicode character '`' (Grave Accent) looks like ''' (Single Quote), but it is not
    |
124 - This matches the observed behavior where the Rust code was reading 0s because it was trying to parse empty lines as integers (which returns 0 as the default from `unwrap_or(0)`).
124 + This matches the observed behavior where the Rust code was reading 0s because it was trying to parse empty lines as integers (which returns 0 as the default from 'unwrap_or(0)`).
    |

error: unknown start of token: `
   --> rust/translated.rs:124:176
    |
124 | ...ns 0 as the default from `unwrap_or(0)`).
    |                                          ^
    |
help: Unicode character '`' (Grave Accent) looks like ''' (Single Quote), but it is not
    |
124 - This matches the observed behavior where the Rust code was reading 0s because it was trying to parse empty lines as integers (which returns 0 as the default from `unwrap_or(0)`).
124 + This matches the observed behavior where the Rust code was reading 0s because it was trying to parse empty lines as integers (which returns 0 as the default from `unwrap_or(0)').
    |

error: expected one of `!` or `::`, found `issue`
 --> rust/translated.rs:1:5
  |
1 | The issue is that the Rust code is reading array elements incorrectly. The problem...
  |     ^^^^^ expected one of `!` or `::`

error: aborting due to 18 previous errors


2025-12-06 20:17:07 [INFO] __main__ - Fix iteration produced compile errors; attempting next iteration
2025-12-06 20:17:07 [INFO] __main__ - Output mismatches detected; invoking LLM fix iteration 2
2025-12-06 20:17:07 [INFO] crtrans.prompting - Calling DeepSeek with 5144 tokens of messages
2025-12-06 20:17:23 [INFO] crtrans.rust_checker - Compiling Rust: rustc --edition 2021 rust/translated.rs -o rust/translated
2025-12-06 20:17:23 [INFO] __main__ - Outputs match for provided samples
2025-12-06 20:17:23 [INFO] __main__ - Saved final Rust to rust/quick_sort.rs
2025-12-06 20:52:20 [INFO] __main__ - Using C file: /work/CRTrans/C/bubble_sort.c
2025-12-06 20:52:20 [INFO] crtrans.info_builder - Compiling C: gcc -O0 /work/CRTrans/C/bubble_sort.c -o temp/c_binary
2025-12-06 20:52:21 [INFO] crtrans.prompting - Calling DeepSeek with 2490 tokens of messages
2025-12-06 20:52:24 [INFO] crtrans.info_builder - Wrote info.md to temp/info.md
2025-12-06 20:52:24 [INFO] crtrans.c2rust_wrapper - Wrote compile_commands.json at temp/compile_commands.json
2025-12-06 20:52:24 [INFO] crtrans.c2rust_wrapper - Running c2rust: c2rust transpile --emit-build-files --output-dir temp/c2rust temp/compile_commands.json
2025-12-06 20:52:25 [INFO] crtrans.prompting - Calling DeepSeek with 388 tokens of messages
2025-12-06 20:52:28 [INFO] crtrans.prompting - Calling DeepSeek with 5421 tokens of messages
2025-12-06 20:52:31 [INFO] crtrans.prompting - Calling DeepSeek with 359 tokens of messages
2025-12-06 20:52:35 [INFO] crtrans.prompting - Calling DeepSeek with 5411 tokens of messages
2025-12-06 20:52:37 [INFO] crtrans.prompting - Calling DeepSeek with 1113 tokens of messages
2025-12-06 20:52:38 [INFO] crtrans.prompting - Calling DeepSeek with 6196 tokens of messages
2025-12-06 20:52:43 [INFO] crtrans.prompting - Calling DeepSeek with 608 tokens of messages
2025-12-06 20:52:46 [INFO] crtrans.prompting - Calling DeepSeek with 5670 tokens of messages
2025-12-06 20:52:52 [INFO] crtrans.prompting - Calling DeepSeek with 5432 tokens of messages
2025-12-06 20:53:00 [INFO] __main__ - Wrote assembled Rust to rust/translated.rs
2025-12-06 20:53:00 [INFO] crtrans.rust_checker - Compiling Rust: rustc --edition 2021 rust/translated.rs -o rust/translated
2025-12-06 20:53:00 [ERROR] crtrans.rust_checker - rustc failed:
error[E0433]: failed to resolve: use of unresolved module or unlinked crate `rand`
  --> rust/translated.rs:38:19
   |
38 |         arr[i] = (rand::random::<u32>() % 100) as i32;
   |                   ^^^^ use of unresolved module or unlinked crate `rand`
   |
   = help: you might be missing a crate named `rand`

error[E0499]: cannot borrow `arr[_]` as mutable more than once at a time
  --> rust/translated.rs:21:35
   |
21 |                 swap(&mut arr[j], &mut arr[j + 1]);
   |                 ---- -----------  ^^^^^^^^^^^^^^^ second mutable borrow occurs here
   |                 |    |
   |                 |    first mutable borrow occurs here
   |                 first borrow later used by call
   |
   = help: use `.split_at_mut(position)` to obtain two mutable non-overlapping sub-slices

warning: unused variable: `seed`
  --> rust/translated.rs:53:9
   |
53 |     let seed = std::time::SystemTime::now()
   |         ^^^^ help: if this is intentional, prefix it with an underscore: `_seed`
   |
   = note: `#[warn(unused_variables)]` (part of `#[warn(unused)]`) on by default

error: aborting due to 2 previous errors; 1 warning emitted

Some errors have detailed explanations: E0433, E0499.
For more information about an error, try `rustc --explain E0433`.

2025-12-06 20:53:00 [WARNING] __main__ - rustc failed; invoking LLM fix iteration 1
2025-12-06 20:53:00 [INFO] crtrans.prompting - Calling DeepSeek with 3476 tokens of messages
2025-12-06 20:53:14 [INFO] crtrans.rust_checker - Compiling Rust: rustc --edition 2021 rust/translated.rs -o rust/translated
2025-12-06 20:53:14 [ERROR] crtrans.rust_checker - rustc failed:
error[E0433]: failed to resolve: use of unresolved module or unlinked crate `fastrand`
  --> rust/translated.rs:39:19
   |
39 |         arr[i] = (fastrand::u32(..100)) as i32;
   |                   ^^^^^^^^ use of unresolved module or unlinked crate `fastrand`
   |
   = help: you might be missing a crate named `fastrand`

error: aborting due to 1 previous error

For more information about this error, try `rustc --explain E0433`.

2025-12-06 20:53:14 [WARNING] __main__ - rustc failed; invoking LLM fix iteration 2
2025-12-06 20:53:14 [INFO] crtrans.prompting - Calling DeepSeek with 2336 tokens of messages
2025-12-06 20:53:30 [INFO] crtrans.rust_checker - Compiling Rust: rustc --edition 2021 rust/translated.rs -o rust/translated
2025-12-06 20:53:30 [ERROR] crtrans.rust_checker - rustc failed:
error[E0433]: failed to resolve: use of unresolved module or unlinked crate `rand`
  --> rust/translated.rs:39:19
   |
39 |         arr[i] = (rand::random::<u32>() % 100) as i32;
   |                   ^^^^ use of unresolved module or unlinked crate `rand`
   |
   = help: you might be missing a crate named `rand`

error: aborting due to 1 previous error

For more information about this error, try `rustc --explain E0433`.

2025-12-06 20:53:30 [WARNING] __main__ - rustc failed; invoking LLM fix iteration 3
2025-12-06 20:53:30 [INFO] crtrans.prompting - Calling DeepSeek with 2334 tokens of messages
2025-12-06 20:53:44 [INFO] crtrans.rust_checker - Compiling Rust: rustc --edition 2021 rust/translated.rs -o rust/translated
2025-12-06 20:53:44 [ERROR] crtrans.rust_checker - rustc failed:
error[E0433]: failed to resolve: use of unresolved module or unlinked crate `fastrand`
  --> rust/translated.rs:39:19
   |
39 |         arr[i] = (fastrand::u32(..100)) as i32;
   |                   ^^^^^^^^ use of unresolved module or unlinked crate `fastrand`
   |
   = help: you might be missing a crate named `fastrand`

error[E0433]: failed to resolve: use of unresolved module or unlinked crate `fastrand`
  --> rust/translated.rs:54:5
   |
54 |     fastrand::seed(
   |     ^^^^^^^^ use of unresolved module or unlinked crate `fastrand`
   |
   = help: you might be missing a crate named `fastrand`

error: aborting due to 2 previous errors

For more information about this error, try `rustc --explain E0433`.

2025-12-06 20:53:44 [ERROR] __main__ - Rust compilation failed after fixes; inspect rust/translated.rs
2025-12-06 20:54:21 [INFO] __main__ - Using C file: /work/CRTrans/C/bubble_sort.c
2025-12-06 20:54:21 [INFO] crtrans.info_builder - Compiling C: gcc -O0 /work/CRTrans/C/bubble_sort.c -o temp/c_binary
2025-12-06 20:54:21 [INFO] crtrans.prompting - Calling DeepSeek with 2490 tokens of messages
2025-12-06 20:54:26 [INFO] crtrans.info_builder - Wrote info.md to temp/info.md
2025-12-06 20:54:26 [INFO] crtrans.c2rust_wrapper - Wrote compile_commands.json at temp/compile_commands.json
2025-12-06 20:54:26 [INFO] crtrans.c2rust_wrapper - Running c2rust: c2rust transpile --emit-build-files --output-dir temp/c2rust temp/compile_commands.json
2025-12-06 20:54:26 [INFO] crtrans.prompting - Calling DeepSeek with 388 tokens of messages
2025-12-06 20:54:29 [INFO] crtrans.prompting - Calling DeepSeek with 5421 tokens of messages
2025-12-06 20:54:32 [INFO] crtrans.prompting - Calling DeepSeek with 359 tokens of messages
2025-12-06 20:54:35 [INFO] crtrans.prompting - Calling DeepSeek with 5411 tokens of messages
2025-12-06 20:54:38 [INFO] crtrans.prompting - Calling DeepSeek with 1113 tokens of messages
2025-12-06 20:54:41 [INFO] crtrans.prompting - Calling DeepSeek with 6196 tokens of messages
2025-12-06 20:54:55 [INFO] crtrans.prompting - Calling DeepSeek with 608 tokens of messages
2025-12-06 20:54:58 [INFO] crtrans.prompting - Calling DeepSeek with 5670 tokens of messages
2025-12-06 20:55:05 [INFO] crtrans.prompting - Calling DeepSeek with 5432 tokens of messages
2025-12-06 20:55:27 [INFO] __main__ - Wrote assembled Rust to rust/translated.rs
2025-12-06 20:55:27 [INFO] crtrans.rust_checker - Compiling Rust: rustc --edition 2021 rust/translated.rs -o rust/translated
2025-12-06 20:55:27 [ERROR] crtrans.rust_checker - rustc failed:
error[E0433]: failed to resolve: function `rand` is not a crate or module
  --> rust/translated.rs:39:19
   |
39 |         arr[i] = (rand::random::<u32>() % 100) as i32;
   |                   ^^^^ function `rand` is not a crate or module

error: aborting due to 1 previous error

For more information about this error, try `rustc --explain E0433`.

2025-12-06 20:55:27 [WARNING] __main__ - rustc failed; invoking LLM fix iteration 1
2025-12-06 20:55:27 [INFO] crtrans.prompting - Calling DeepSeek with 3250 tokens of messages
2025-12-06 20:55:47 [INFO] crtrans.rust_checker - Compiling Rust: rustc --edition 2021 rust/translated.rs -o rust/translated
2025-12-06 20:55:48 [INFO] __main__ - Outputs match for provided samples
2025-12-06 20:55:48 [INFO] __main__ - Saved final Rust to rust/bubble_sort.rs
2025-12-06 20:55:48 [INFO] crtrans.prompting - Calling DeepSeek with 4833 tokens of messages
2025-12-06 20:56:18 [INFO] __main__ - Wrote final equivalence report to temp/report_bubble_sort.md
2025-12-06 20:58:25 [INFO] __main__ - Using C file: /work/CRTrans/C/insertion_sort.c
2025-12-06 20:58:25 [INFO] crtrans.info_builder - Compiling C: gcc -O0 /work/CRTrans/C/insertion_sort.c -o temp/c_binary
2025-12-06 20:58:25 [INFO] crtrans.prompting - Calling DeepSeek with 1609 tokens of messages
2025-12-06 20:58:29 [INFO] crtrans.info_builder - Wrote info.md to temp/info.md
2025-12-06 20:58:29 [INFO] crtrans.c2rust_wrapper - Wrote compile_commands.json at temp/compile_commands.json
2025-12-06 20:58:29 [INFO] crtrans.c2rust_wrapper - Running c2rust: c2rust transpile --emit-build-files --output-dir temp/c2rust temp/compile_commands.json
2025-12-06 20:58:29 [INFO] crtrans.prompting - Calling DeepSeek with 646 tokens of messages
2025-12-06 20:58:32 [INFO] crtrans.prompting - Calling DeepSeek with 4742 tokens of messages
2025-12-06 20:58:38 [INFO] crtrans.prompting - Calling DeepSeek with 690 tokens of messages
2025-12-06 20:58:38 [INFO] crtrans.prompting - Calling DeepSeek with 4807 tokens of messages
2025-12-06 20:58:45 [INFO] crtrans.prompting - Calling DeepSeek with 4484 tokens of messages
2025-12-06 20:58:58 [INFO] __main__ - Wrote assembled Rust to rust/translated.rs
2025-12-06 20:58:58 [INFO] crtrans.rust_checker - Compiling Rust: rustc --edition 2021 rust/translated.rs -o rust/translated
2025-12-06 20:58:58 [ERROR] crtrans.rust_checker - rustc failed:
error[E0432]: unresolved import `rand::Rng`
  --> rust/translated.rs:18:9
   |
18 |     use rand::Rng;
   |         ^^^^^^---
   |         |     |
   |         |     help: a similar name exists in the module: `RNG`
   |         no `Rng` in `rand`

error[E0425]: cannot find function `thread_rng` in module `rand`
  --> rust/translated.rs:20:25
   |
20 |     let mut rng = rand::thread_rng();
   |                         ^^^^^^^^^^ not found in `rand`

warning: unused import: `std::sync::OnceLock`
  --> rust/translated.rs:58:9
   |
58 |     use std::sync::OnceLock;
   |         ^^^^^^^^^^^^^^^^^^^
   |
   = note: `#[warn(unused_imports)]` (part of `#[warn(unused)]`) on by default

error: aborting due to 2 previous errors; 1 warning emitted

Some errors have detailed explanations: E0425, E0432.
For more information about an error, try `rustc --explain E0425`.

2025-12-06 20:58:58 [WARNING] __main__ - rustc failed; invoking LLM fix iteration 1
2025-12-06 20:58:58 [INFO] crtrans.prompting - Calling DeepSeek with 3242 tokens of messages
2025-12-06 20:59:24 [INFO] crtrans.rust_checker - Compiling Rust: rustc --edition 2021 rust/translated.rs -o rust/translated
2025-12-06 20:59:24 [ERROR] crtrans.rust_checker - rustc failed:
error: invalid path separator in function definition
  --> rust/translated.rs:77:23
   |
77 |     pub fn RandomState::new() -> RandomState {
   |                       ^^
   |
help: remove invalid path separator
   |
77 -     pub fn RandomState::new() -> RandomState {
77 +     pub fn RandomStatenew() -> RandomState {
   |

error: missing parameters for function definition
  --> rust/translated.rs:77:25
   |
77 |     pub fn RandomState::new() -> RandomState {
   |                         ^
   |
help: add a parameter list
   |
77 |     pub fn RandomState::()new() -> RandomState {
   |                         ++

error: expected one of `->`, `<`, `where`, or `{`, found `new`
  --> rust/translated.rs:77:25
   |
77 |     pub fn RandomState::new() -> RandomState {
   |                         ^^^ expected one of `->`, `<`, `where`, or `{`

error: aborting due to 3 previous errors


2025-12-06 20:59:24 [WARNING] __main__ - rustc failed; invoking LLM fix iteration 2
2025-12-06 20:59:24 [INFO] crtrans.prompting - Calling DeepSeek with 3367 tokens of messages
2025-12-06 20:59:43 [INFO] crtrans.rust_checker - Compiling Rust: rustc --edition 2021 rust/translated.rs -o rust/translated
2025-12-06 20:59:43 [ERROR] crtrans.rust_checker - rustc failed:
error[E0603]: struct import `RandomState` is private
   --> rust/translated.rs:18:25
    |
 18 |     let mut rng = rand::RandomState::new();
    |                         ^^^^^^^^^^^ private struct import
    |
note: the struct import `RandomState` is defined here...
   --> rust/translated.rs:56:9
    |
 56 |     use std::collections::hash_map::RandomState;
    |         ^^^^^^^^^^^^^^^^^^^^^^^^^^^^^^^^^^^^^^^
note: ...and refers to the struct `RandomState` which is defined here
   --> /root/.rustup/toolchains/stable-x86_64-unknown-linux-gnu/lib/rustlib/src/rust/library/std/src/collections/mod.rs:451:13
    |
451 |     pub use crate::hash::random::RandomState;
    |             ^^^^^^^^^^^^^^^^^^^^^^^^^^^^^^^^ you could import this directly
help: consider importing this struct instead
    |
 18 -     let mut rng = rand::RandomState::new();
 18 +     let mut rng = std::hash::RandomState::new();
    |
help: import `RandomState` through the re-export
    |
 18 -     let mut rng = rand::RandomState::new();
 18 +     let mut rng = collections::hash_map::RandomState();
    |

error[E0599]: no method named `abs` found for type `usize` in the current scope
  --> rust/translated.rs:19:40
   |
19 |     let size = (rand::rand() as usize).abs() % 500;
   |                                        ^^^ method not found in `usize`
   |
  ::: /root/.rustup/toolchains/stable-x86_64-unknown-linux-gnu/lib/rustlib/src/rust/library/compiler-builtins/compiler-builtins/src/math/../../../libm/src/math/support/int_traits.rs:79:8
   |
79 |     fn abs(self) -> Self;
   |        --- the method is available for `usize` here

error: aborting due to 2 previous errors

Some errors have detailed explanations: E0599, E0603.
For more information about an error, try `rustc --explain E0599`.

2025-12-06 20:59:43 [WARNING] __main__ - rustc failed; invoking LLM fix iteration 3
2025-12-06 20:59:43 [INFO] crtrans.prompting - Calling DeepSeek with 4263 tokens of messages
2025-12-06 21:00:04 [INFO] crtrans.rust_checker - Compiling Rust: rustc --edition 2021 rust/translated.rs -o rust/translated
2025-12-06 21:00:04 [INFO] __main__ - Outputs match for provided samples
2025-12-06 21:00:04 [INFO] __main__ - Saved final Rust to rust/insertion_sort.rs
2025-12-06 21:00:04 [INFO] crtrans.prompting - Calling DeepSeek with 3850 tokens of messages
2025-12-06 21:00:39 [INFO] __main__ - Wrote final equivalence report to temp/report_insertion_sort.md
2025-12-06 21:11:48 [INFO] __main__ - Using C file: /work/CRTrans/C/json_parser.c
2025-12-06 21:11:48 [INFO] crtrans.info_builder - Compiling C: gcc -O0 /work/CRTrans/C/json_parser.c -o temp/c_binary
2025-12-06 21:11:49 [INFO] crtrans.prompting - Calling DeepSeek with 3023 tokens of messages
2025-12-06 21:11:54 [INFO] crtrans.info_builder - Wrote info.md to temp/info.md
2025-12-06 21:11:54 [INFO] crtrans.c2rust_wrapper - Wrote compile_commands.json at temp/compile_commands.json
2025-12-06 21:11:54 [INFO] crtrans.c2rust_wrapper - Running c2rust: c2rust transpile --emit-build-files --output-dir temp/c2rust temp/compile_commands.json
2025-12-06 21:11:55 [INFO] crtrans.prompting - Calling DeepSeek with 317 tokens of messages
2025-12-06 21:11:58 [INFO] crtrans.prompting - Calling DeepSeek with 10947 tokens of messages
2025-12-06 21:12:00 [INFO] crtrans.prompting - Calling DeepSeek with 318 tokens of messages
2025-12-06 21:12:07 [INFO] crtrans.prompting - Calling DeepSeek with 10936 tokens of messages
2025-12-06 21:12:09 [INFO] crtrans.prompting - Calling DeepSeek with 284 tokens of messages
2025-12-06 21:12:11 [INFO] crtrans.prompting - Calling DeepSeek with 10912 tokens of messages
2025-12-06 21:12:30 [INFO] crtrans.prompting - Calling DeepSeek with 633 tokens of messages
2025-12-06 21:12:38 [INFO] crtrans.prompting - Calling DeepSeek with 11380 tokens of messages
2025-12-06 21:12:48 [INFO] crtrans.prompting - Calling DeepSeek with 300 tokens of messages
2025-12-06 21:12:52 [INFO] crtrans.prompting - Calling DeepSeek with 11020 tokens of messages
2025-12-06 21:13:09 [INFO] crtrans.prompting - Calling DeepSeek with 529 tokens of messages
2025-12-06 21:13:17 [INFO] crtrans.prompting - Calling DeepSeek with 11234 tokens of messages
2025-12-06 21:13:26 [INFO] crtrans.prompting - Calling DeepSeek with 550 tokens of messages
2025-12-06 21:13:28 [INFO] crtrans.prompting - Calling DeepSeek with 11286 tokens of messages
2025-12-06 21:13:37 [INFO] crtrans.prompting - Calling DeepSeek with 779 tokens of messages
2025-12-06 21:13:41 [INFO] crtrans.prompting - Calling DeepSeek with 11666 tokens of messages
2025-12-06 21:14:27 [INFO] crtrans.prompting - Calling DeepSeek with 11255 tokens of messages
2025-12-06 21:14:37 [INFO] crtrans.prompting - Calling DeepSeek with 303 tokens of messages
2025-12-06 21:14:44 [INFO] crtrans.prompting - Calling DeepSeek with 10989 tokens of messages
2025-12-06 21:14:50 [INFO] crtrans.prompting - Calling DeepSeek with 669 tokens of messages
2025-12-06 21:14:53 [INFO] crtrans.prompting - Calling DeepSeek with 11544 tokens of messages
2025-12-06 21:15:21 [INFO] __main__ - Wrote assembled Rust to rust/translated.rs
2025-12-06 21:15:21 [INFO] crtrans.rust_checker - Compiling Rust: rustc --edition 2021 rust/translated.rs -o rust/translated
2025-12-06 21:15:21 [ERROR] crtrans.rust_checker - rustc failed:
error: unexpected closing delimiter: `}`
   --> rust/translated.rs:118:1
    |
 76 | fn parse_array(s: &mut str, pos: &mut usize, indent: usize) {
    |                                                             - this opening brace...
...
114 | }
    | - ...matches this closing brace
...
118 | }
    | ^ unexpected closing delimiter

error: aborting due to 1 previous error


2025-12-06 21:15:21 [WARNING] __main__ - rustc failed; invoking LLM fix iteration 1
2025-12-06 21:15:21 [INFO] crtrans.prompting - Calling DeepSeek with 4296 tokens of messages
2025-12-06 21:15:45 [INFO] crtrans.rust_checker - Compiling Rust: rustc --edition 2021 rust/translated.rs -o rust/translated
2025-12-06 21:15:45 [ERROR] crtrans.rust_checker - rustc failed:
error[E0601]: `main` function not found in crate `translated`
   --> rust/translated.rs:111:2
    |
111 | }
    |  ^ consider adding a `main` function to `rust/translated.rs`

warning: unused variable: `s`
  --> rust/translated.rs:95:17
   |
95 | fn parse_string(s: &str, pos: &mut usize, indent: i32) {
   |                 ^ help: if this is intentional, prefix it with an underscore: `_s`
   |
   = note: `#[warn(unused_variables)]` (part of `#[warn(unused)]`) on by default

warning: unused variable: `indent`
  --> rust/translated.rs:95:43
   |
95 | fn parse_string(s: &str, pos: &mut usize, indent: i32) {
   |                                           ^^^^^^ help: if this is intentional, prefix it with an underscore: `_indent`

warning: unused variable: `s`
   --> rust/translated.rs:101:17
    |
101 | fn parse_object(s: &str, pos: &mut usize, indent: i32) {
    |                 ^ help: if this is intentional, prefix it with an underscore: `_s`

warning: unused variable: `indent`
   --> rust/translated.rs:101:43
    |
101 | fn parse_object(s: &str, pos: &mut usize, indent: i32) {
    |                                           ^^^^^^ help: if this is intentional, prefix it with an underscore: `_indent`

warning: unused variable: `s`
   --> rust/translated.rs:107:17
    |
107 | fn parse_number(s: &str, pos: &mut usize, indent: i32) {
    |                 ^ help: if this is intentional, prefix it with an underscore: `_s`

warning: unused variable: `indent`
   --> rust/translated.rs:107:43
    |
107 | fn parse_number(s: &str, pos: &mut usize, indent: i32) {
    |                                           ^^^^^^ help: if this is intentional, prefix it with an underscore: `_indent`

error: aborting due to 1 previous error; 6 warnings emitted

For more information about this error, try `rustc --explain E0601`.

2025-12-06 21:15:45 [WARNING] __main__ - rustc failed; invoking LLM fix iteration 2
2025-12-06 21:15:45 [INFO] crtrans.prompting - Calling DeepSeek with 4992 tokens of messages
2025-12-06 21:16:09 [INFO] crtrans.rust_checker - Compiling Rust: rustc --edition 2021 rust/translated.rs -o rust/translated
2025-12-06 21:16:10 [INFO] __main__ - Output mismatches detected; invoking LLM fix iteration 1
2025-12-06 21:16:10 [INFO] crtrans.prompting - Calling DeepSeek with 3648 tokens of messages
2025-12-06 21:17:00 [INFO] crtrans.rust_checker - Compiling Rust: rustc --edition 2021 rust/translated.rs -o rust/translated
2025-12-06 21:16:58 [INFO] __main__ - Output mismatches detected; invoking LLM fix iteration 2
2025-12-06 21:16:58 [INFO] crtrans.prompting - Calling DeepSeek with 5903 tokens of messages
2025-12-06 21:17:56 [INFO] crtrans.rust_checker - Compiling Rust: rustc --edition 2021 rust/translated.rs -o rust/translated
2025-12-06 21:17:56 [ERROR] crtrans.rust_checker - rustc failed:
error: prefix `Here` is unknown
 --> rust/translated.rs:1:1
  |
1 | Here's the corrected Rust code that matches the C reference outputs:
  | ^^^^ unknown prefix
  |
  = note: prefixed identifiers and literals are reserved since Rust 2021
help: consider inserting whitespace here
  |
1 | Here 's the corrected Rust code that matches the C reference outputs:
  |     +

error: unknown start of token: `
 --> rust/translated.rs:3:1
  |
3 | ```rust
  | ^^^
  |
  = note: character appears 2 more times
help: Unicode character '`' (Grave Accent) looks like ''' (Single Quote), but it is not
  |
3 - ```rust
3 + '''rust
  |

error: unknown start of token: `
   --> rust/translated.rs:234:1
    |
234 | ```
    | ^^^
    |
    = note: character appears 2 more times
help: Unicode character '`' (Grave Accent) looks like ''' (Single Quote), but it is not
    |
234 - ```
234 + '''
    |

error: unknown start of token: `
   --> rust/translated.rs:238:33
    |
238 | 1. **Empty input handling**: In `parse_value`, when position is at end of string...
    |                                 ^
    |
help: Unicode character '`' (Grave Accent) looks like ''' (Single Quote), but it is not
    |
238 - 1. **Empty input handling**: In `parse_value`, when position is at end of string, print "null" instead of returning silently.
238 + 1. **Empty input handling**: In 'parse_value`, when position is at end of string, print "null" instead of returning silently.
    |

error: unknown start of token: `
   --> rust/translated.rs:238:45
    |
238 | 1. **Empty input handling**: In `parse_value`, when position is at end of string...
    |                                             ^
    |
help: Unicode character '`' (Grave Accent) looks like ''' (Single Quote), but it is not
    |
238 - 1. **Empty input handling**: In `parse_value`, when position is at end of string, print "null" instead of returning silently.
238 + 1. **Empty input handling**: In `parse_value', when position is at end of string, print "null" instead of returning silently.
    |

error: unknown start of token: `
   --> rust/translated.rs:240:40
    |
240 | 2. **Invalid object key handling**: In `parse_object`, when key is not a string ...
    |                                        ^
    |
help: Unicode character '`' (Grave Accent) looks like ''' (Single Quote), but it is not
    |
240 - 2. **Invalid object key handling**: In `parse_object`, when key is not a string (not starting with `"`), print "null" and break instead of advancing position.
240 + 2. **Invalid object key handling**: In 'parse_object`, when key is not a string (not starting with `"`), print "null" and break instead of advancing position.
    |

error: unknown start of token: `
   --> rust/translated.rs:240:53
    |
240 | 2. **Invalid object key handling**: In `parse_object`, when key is not a string ...
    |                                                     ^
    |
help: Unicode character '`' (Grave Accent) looks like ''' (Single Quote), but it is not
    |
240 - 2. **Invalid object key handling**: In `parse_object`, when key is not a string (not starting with `"`), print "null" and break instead of advancing position.
240 + 2. **Invalid object key handling**: In `parse_object', when key is not a string (not starting with `"`), print "null" and break instead of advancing position.
    |

error: unknown start of token: `
   --> rust/translated.rs:240:100
    |
240 | ...ey is not a string (not starting with `"`), print "null" and break instead of...
    |                                          ^
    |
help: Unicode character '`' (Grave Accent) looks like ''' (Single Quote), but it is not
    |
240 - 2. **Invalid object key handling**: In `parse_object`, when key is not a string (not starting with `"`), print "null" and break instead of advancing position.
240 + 2. **Invalid object key handling**: In `parse_object`, when key is not a string (not starting with '"`), print "null" and break instead of advancing position.
    |

error[E0765]: unterminated double quote string
   --> rust/translated.rs:250:129
    |
250 | ...utputs "null" to match the C reference implementation's behavior.
    |                ^^^^^^^^^^^^^^^^^^^^^^^^^^^^^^^^^^^^^^^^^^^^^^^^^^^^^

error: aborting due to 9 previous errors

For more information about this error, try `rustc --explain E0765`.

2025-12-06 21:17:56 [INFO] __main__ - Fix iteration produced compile errors; attempting next iteration
2025-12-06 21:17:56 [INFO] __main__ - Output mismatches detected; invoking LLM fix iteration 3
2025-12-06 21:17:56 [INFO] crtrans.prompting - Calling DeepSeek with 7494 tokens of messages
2025-12-06 21:18:56 [INFO] crtrans.rust_checker - Compiling Rust: rustc --edition 2021 rust/translated.rs -o rust/translated
2025-12-06 21:18:57 [WARNING] __main__ - Output mismatches:
Sample 1 mismatch: C stdout='null\n', Rust stdout='{}\n', rc C=0, rc Rust=0
Sample 2 mismatch: C stdout='null\n', Rust stdout='[]\n', rc C=0, rc Rust=0
Sample 3 mismatch: C stdout='null\n', Rust stdout='{\n  "key"42\n}\n', rc C=0, rc Rust=0
Sample 4 mismatch: C stdout='null\n', Rust stdout='[\n  true,\n  false,\n  null\n]\n', rc C=0, rc Rust=0
2025-12-06 21:18:57 [INFO] __main__ - Saved final Rust to rust/json_parser.rs
2025-12-06 21:18:57 [INFO] crtrans.prompting - Calling DeepSeek with 10346 tokens of messages
2025-12-06 21:19:26 [INFO] __main__ - Wrote final equivalence report to temp/report_json_parser.md
2025-12-06 21:31:31 [INFO] __main__ - Using C file: /work/CRTrans/C/json_parser.c
2025-12-06 21:31:31 [INFO] crtrans.info_builder - Compiling C: gcc -O0 /work/CRTrans/C/json_parser.c -o temp/c_binary
2025-12-06 21:31:32 [INFO] crtrans.prompting - Calling DeepSeek with 3023 tokens of messages
2025-12-06 21:31:37 [INFO] crtrans.info_builder - Wrote info.md to temp/info.md
2025-12-06 21:31:37 [INFO] crtrans.c2rust_wrapper - Wrote compile_commands.json at temp/compile_commands.json
2025-12-06 21:31:37 [INFO] crtrans.c2rust_wrapper - Running c2rust: c2rust transpile --emit-build-files --output-dir temp/c2rust temp/compile_commands.json
2025-12-06 21:31:37 [INFO] crtrans.prompting - Calling DeepSeek with 317 tokens of messages
2025-12-06 21:31:37 [INFO] crtrans.prompting - Calling DeepSeek with 10947 tokens of messages
2025-12-06 21:31:40 [INFO] crtrans.prompting - Calling DeepSeek with 318 tokens of messages
2025-12-06 21:31:42 [INFO] crtrans.prompting - Calling DeepSeek with 10936 tokens of messages
2025-12-06 21:31:50 [INFO] crtrans.prompting - Calling DeepSeek with 284 tokens of messages
2025-12-06 21:31:54 [INFO] crtrans.prompting - Calling DeepSeek with 10906 tokens of messages
2025-12-06 21:32:39 [INFO] crtrans.prompting - Calling DeepSeek with 633 tokens of messages
2025-12-06 21:32:47 [INFO] crtrans.prompting - Calling DeepSeek with 11366 tokens of messages
2025-12-06 21:33:04 [INFO] crtrans.prompting - Calling DeepSeek with 300 tokens of messages
2025-12-06 21:33:05 [INFO] crtrans.prompting - Calling DeepSeek with 10986 tokens of messages
2025-12-06 21:33:23 [INFO] crtrans.prompting - Calling DeepSeek with 529 tokens of messages
2025-12-06 21:33:27 [INFO] crtrans.prompting - Calling DeepSeek with 11208 tokens of messages
2025-12-06 21:33:36 [INFO] crtrans.prompting - Calling DeepSeek with 550 tokens of messages
2025-12-06 21:33:38 [INFO] crtrans.prompting - Calling DeepSeek with 11258 tokens of messages
2025-12-06 21:33:48 [INFO] crtrans.prompting - Calling DeepSeek with 779 tokens of messages
2025-12-06 21:33:51 [INFO] crtrans.prompting - Calling DeepSeek with 11634 tokens of messages
