2025-12-07 10:38:33 [INFO] __main__ - Using C file: /work/CRTrans/C/github/huffman.c
2025-12-07 10:38:33 [INFO] crtrans.info_builder - Compiling C: gcc -O0 /work/CRTrans/C/github/huffman.c -o temp/huffman/c_binary
2025-12-07 10:38:34 [INFO] crtrans.prompting - Calling DeepSeek with 3225 tokens of messages
2025-12-07 10:38:37 [INFO] crtrans.info_builder - Wrote info.md to temp/huffman/info.md
2025-12-07 10:38:37 [INFO] crtrans.c2rust_wrapper - Wrote compile_commands.json at temp/huffman/compile_commands.json
2025-12-07 10:38:37 [INFO] crtrans.c2rust_wrapper - Running c2rust: c2rust transpile --emit-build-files --output-dir temp/huffman/c2rust temp/huffman/compile_commands.json
2025-12-07 10:38:38 [INFO] __main__ - Iteration budget set to 11 (lines=75, chunks=3, cli_min=10)
2025-12-07 10:38:38 [INFO] crtrans.prompting - Calling DeepSeek with 475 tokens of messages
2025-12-07 10:38:41 [INFO] crtrans.prompting - Calling DeepSeek with 13116 tokens of messages
2025-12-07 10:38:48 [INFO] crtrans.prompting - Calling DeepSeek with 629 tokens of messages
2025-12-07 10:38:52 [INFO] crtrans.prompting - Calling DeepSeek with 13320 tokens of messages
2025-12-07 10:39:02 [INFO] crtrans.prompting - Calling DeepSeek with 14311 tokens of messages
2025-12-07 10:39:32 [INFO] __main__ - Wrote assembled Rust to rust/translated_huffman.rs
2025-12-07 10:39:32 [INFO] crtrans.rust_checker - Compiling Rust: rustc --edition 2021 rust/translated_huffman.rs -o rust/translated_huffman
2025-12-07 10:39:33 [ERROR] crtrans.rust_checker - rustc failed:
error[E0412]: cannot find type `Heap` in this scope
 --> rust/translated_huffman.rs:1:22
  |
1 | fn heap_push(h: &mut Heap, x: Box<Node>) {
  |                      ^^^^ not found in this scope

error[E0425]: cannot find value `codes` in this scope
  --> rust/translated_huffman.rs:39:13
   |
39 |             codes[root.sym as usize] = libc::strdup(c_str.as_ptr());
   |             ^^^^^ not found in this scope

error[E0609]: no field `l` on type `&mut Node`
  --> rust/translated_huffman.rs:32:13
   |
32 |     if root.l.is_none() && root.r.is_none() {
   |             ^ unknown field

error[E0609]: no field `r` on type `&mut Node`
  --> rust/translated_huffman.rs:32:33
   |
32 |     if root.l.is_none() && root.r.is_none() {
   |                                 ^ unknown field

error[E0609]: no field `sym` on type `&mut Node`
  --> rust/translated_huffman.rs:39:24
   |
39 |             codes[root.sym as usize] = libc::strdup(c_str.as_ptr());
   |                        ^^^ unknown field

error[E0433]: failed to resolve: use of unresolved module or unlinked crate `libc`
  --> rust/translated_huffman.rs:39:40
   |
39 |             codes[root.sym as usize] = libc::strdup(c_str.as_ptr());
   |                                        ^^^^ use of unresolved module or unlinked crate `libc`
   |
   = help: you might be missing a crate named `libc`

error[E0609]: no field `l` on type `&mut Node`
  --> rust/translated_huffman.rs:44:35
   |
44 |     if let Some(left) = &mut root.l {
   |                                   ^ unknown field

error[E0609]: no field `r` on type `&mut Node`
  --> rust/translated_huffman.rs:51:36
   |
51 |     if let Some(right) = &mut root.r {
   |                                    ^ unknown field

error[E0308]: arguments to this function are incorrect
   --> rust/translated_huffman.rs:121:9
    |
121 |         gen_codes(&root, &mut buf, &mut codes);
    |         ^^^^^^^^^
    |
note: expected `Option<&mut Node>`, found `&Node`
   --> rust/translated_huffman.rs:121:19
    |
121 |         gen_codes(&root, &mut buf, &mut codes);
    |                   ^^^^^
    = note:   expected enum `Option<&mut Node>`
            found reference `&Node`
note: expected `usize`, found `&mut HashMap<_, _>`
   --> rust/translated_huffman.rs:121:36
    |
121 |         gen_codes(&root, &mut buf, &mut codes);
    |                                    ^^^^^^^^^^
    = note:           expected type `usize`
            found mutable reference `&mut HashMap<_, _>`
note: function defined here
   --> rust/translated_huffman.rs:27:4
    |
 27 | fn gen_codes(root: Option<&mut Node>, buf: &mut [u8], depth: usize) {
    |    ^^^^^^^^^ -----------------------                  ------------

error: aborting due to 9 previous errors

Some errors have detailed explanations: E0308, E0412, E0425, E0433, E0609.
For more information about an error, try `rustc --explain E0308`.

2025-12-07 10:39:33 [WARNING] __main__ - rustc failed; invoking LLM fix iteration 1
2025-12-07 10:39:33 [INFO] crtrans.prompting - Calling DeepSeek with 7315 tokens of messages
2025-12-07 10:40:07 [INFO] crtrans.rust_checker - Compiling Rust: rustc --edition 2021 rust/translated_huffman.rs -o rust/translated_huffman
2025-12-07 10:40:07 [ERROR] crtrans.rust_checker - rustc failed:
error[E0308]: mismatched types
  --> rust/translated_huffman.rs:52:20
   |
52 |             if let Some(left) = left.as_mut() {
   |                    ^^^^^^^^^^   ------------- this expression has type `&mut Node`
   |                    |
   |                    expected `Node`, found `Option<_>`
   |
   = note: expected enum `Node`
              found enum `Option<_>`

error[E0308]: mismatched types
  --> rust/translated_huffman.rs:59:20
   |
59 |             if let Some(right) = right.as_mut() {
   |                    ^^^^^^^^^^^   -------------- this expression has type `&mut Node`
   |                    |
   |                    expected `Node`, found `Option<_>`
   |
   = note: expected enum `Node`
              found enum `Option<_>`

error: aborting due to 2 previous errors

For more information about this error, try `rustc --explain E0308`.

2025-12-07 10:40:07 [WARNING] __main__ - rustc failed; invoking LLM fix iteration 2
2025-12-07 10:40:07 [INFO] crtrans.prompting - Calling DeepSeek with 5294 tokens of messages
2025-12-07 10:40:44 [INFO] crtrans.rust_checker - Compiling Rust: rustc --edition 2021 rust/translated_huffman.rs -o rust/translated_huffman
2025-12-07 10:40:45 [INFO] __main__ - Output mismatches detected; invoking LLM fix iteration 1
2025-12-07 10:40:45 [WARNING] __main__ - Sample 1 mismatch:
  input: 'hello'
  C   -> rc=0, stdout="'e' : 110\n'h' : 10\n'l' : 0\n'o' : 111\n", stderr=''
  Rust-> rc=0, stdout="'e' : 10\n'h' : 111\n'l' : 0\n'o' : 110\n1111000110", stderr=''
2025-12-07 10:40:45 [WARNING] __main__ - Sample 2 mismatch:
  input: 'aaabbc'
  C   -> rc=0, stdout="'a' : 0\n'b' : 11\n'c' : 10\n", stderr=''
  Rust-> rc=0, stdout="'a' : 1\n'b' : 01\n'c' : 00\n111010100", stderr=''
2025-12-07 10:40:45 [WARNING] __main__ - Sample 3 mismatch:
  input: 'AB'
  C   -> rc=0, stdout="'A' : 0\n'B' : 1\n", stderr=''
  Rust-> rc=0, stdout="'A' : 1\n'B' : 0\n10", stderr=''
2025-12-07 10:40:45 [WARNING] __main__ - Sample 4 mismatch:
  input: 'test'
  C   -> rc=0, stdout="'e' : 10\n's' : 11\n't' : 0\n", stderr=''
  Rust-> rc=0, stdout="'e' : 01\n's' : 00\n't' : 1\n101001", stderr=''
2025-12-07 10:40:45 [INFO] crtrans.prompting - Calling DeepSeek with 5009 tokens of messages
2025-12-07 10:41:31 [INFO] crtrans.rust_checker - Compiling Rust: rustc --edition 2021 rust/translated_huffman.rs -o rust/translated_huffman
2025-12-07 10:41:32 [INFO] __main__ - Output mismatches detected; invoking LLM fix iteration 2
2025-12-07 10:41:32 [WARNING] __main__ - Sample 1 mismatch:
  input: 'hello'
  C   -> rc=0, stdout="'e' : 110\n'h' : 10\n'l' : 0\n'o' : 111\n", stderr=''
  Rust-> rc=101, stdout='', stderr="\nthread 'main' (39004) panicked at rust/translated_huffman.rs:28:45:\ncalled `Option::unwrap()` on a `None` value\nnote: run with `RUST_BACKTRACE=1` environment variable to display a backtrace\n"
2025-12-07 10:41:32 [WARNING] __main__ - Sample 2 mismatch:
  input: 'aaabbc'
  C   -> rc=0, stdout="'a' : 0\n'b' : 11\n'c' : 10\n", stderr=''
  Rust-> rc=101, stdout='', stderr="\nthread 'main' (39005) panicked at rust/translated_huffman.rs:28:45:\ncalled `Option::unwrap()` on a `None` value\nnote: run with `RUST_BACKTRACE=1` environment variable to display a backtrace\n"
2025-12-07 10:41:32 [WARNING] __main__ - Sample 3 mismatch:
  input: 'AB'
  C   -> rc=0, stdout="'A' : 0\n'B' : 1\n", stderr=''
  Rust-> rc=101, stdout='', stderr="\nthread 'main' (39006) panicked at rust/translated_huffman.rs:169:27:\ncalled `Option::unwrap()` on a `None` value\nnote: run with `RUST_BACKTRACE=1` environment variable to display a backtrace\n"
2025-12-07 10:41:32 [WARNING] __main__ - Sample 4 mismatch:
  input: 'test'
  C   -> rc=0, stdout="'e' : 10\n's' : 11\n't' : 0\n", stderr=''
  Rust-> rc=101, stdout='', stderr="\nthread 'main' (39007) panicked at rust/translated_huffman.rs:28:45:\ncalled `Option::unwrap()` on a `None` value\nnote: run with `RUST_BACKTRACE=1` environment variable to display a backtrace\n"
2025-12-07 10:41:32 [INFO] crtrans.prompting - Calling DeepSeek with 7162 tokens of messages
2025-12-07 10:42:15 [INFO] crtrans.rust_checker - Compiling Rust: rustc --edition 2021 rust/translated_huffman.rs -o rust/translated_huffman
2025-12-07 10:42:15 [ERROR] crtrans.rust_checker - rustc failed:
error[E0277]: the trait bound `Box<Node>: Clone` is not satisfied
    --> rust/translated_huffman.rs:15:21
     |
  15 |             a: vec![None; MAXSYM],
     |                -----^^^^---------
     |                |    |
     |                |    the trait `Clone` is not implemented for `Box<Node>`
     |                required by a bound introduced by this call
     |
     = note: required for `Box<Node>` to implement `Clone`
     = note: 1 redundant requirement hidden
     = note: required for `Option<Box<Node>>` to implement `Clone`
note: required by a bound in `from_elem`
    --> /root/.rustup/toolchains/stable-x86_64-unknown-linux-gnu/lib/rustlib/src/rust/library/alloc/src/vec/mod.rs:3464:21
     |
3464 | pub fn from_elem<T: Clone>(elem: T, n: usize) -> Vec<T> {
     |                     ^^^^^ required by this bound in `from_elem`
help: consider borrowing here
     |
  15 |             a: vec![&None; MAXSYM],
     |                     +

error: aborting due to 1 previous error

For more information about this error, try `rustc --explain E0277`.

2025-12-07 10:42:15 [INFO] __main__ - Fix iteration produced compile errors; attempting next iteration (syntax takes priority)
2025-12-07 10:42:15 [INFO] __main__ - Output mismatches detected; invoking LLM fix iteration 3
2025-12-07 10:42:15 [WARNING] __main__ - Sample 1 mismatch:
  input: 'hello'
  C   -> rc=0, stdout="'e' : 110\n'h' : 10\n'l' : 0\n'o' : 111\n", stderr=''
  Rust-> rc=101, stdout='', stderr="\nthread 'main' (39004) panicked at rust/translated_huffman.rs:28:45:\ncalled `Option::unwrap()` on a `None` value\nnote: run with `RUST_BACKTRACE=1` environment variable to display a backtrace\n"
2025-12-07 10:42:15 [WARNING] __main__ - Sample 2 mismatch:
  input: 'aaabbc'
  C   -> rc=0, stdout="'a' : 0\n'b' : 11\n'c' : 10\n", stderr=''
  Rust-> rc=101, stdout='', stderr="\nthread 'main' (39005) panicked at rust/translated_huffman.rs:28:45:\ncalled `Option::unwrap()` on a `None` value\nnote: run with `RUST_BACKTRACE=1` environment variable to display a backtrace\n"
2025-12-07 10:42:15 [WARNING] __main__ - Sample 3 mismatch:
  input: 'AB'
  C   -> rc=0, stdout="'A' : 0\n'B' : 1\n", stderr=''
  Rust-> rc=101, stdout='', stderr="\nthread 'main' (39006) panicked at rust/translated_huffman.rs:169:27:\ncalled `Option::unwrap()` on a `None` value\nnote: run with `RUST_BACKTRACE=1` environment variable to display a backtrace\n"
2025-12-07 10:42:15 [WARNING] __main__ - Sample 4 mismatch:
  input: 'test'
  C   -> rc=0, stdout="'e' : 10\n's' : 11\n't' : 0\n", stderr=''
  Rust-> rc=101, stdout='', stderr="\nthread 'main' (39007) panicked at rust/translated_huffman.rs:28:45:\ncalled `Option::unwrap()` on a `None` value\nnote: run with `RUST_BACKTRACE=1` environment variable to display a backtrace\n"
2025-12-07 10:42:15 [INFO] crtrans.prompting - Calling DeepSeek with 7153 tokens of messages
2025-12-07 10:42:59 [INFO] crtrans.rust_checker - Compiling Rust: rustc --edition 2021 rust/translated_huffman.rs -o rust/translated_huffman
2025-12-07 10:42:59 [ERROR] crtrans.rust_checker - rustc failed:
error[E0277]: the trait bound `Box<Node>: Clone` is not satisfied
    --> rust/translated_huffman.rs:15:21
     |
  15 |             a: vec![None; MAXSYM],
     |                -----^^^^---------
     |                |    |
     |                |    the trait `Clone` is not implemented for `Box<Node>`
     |                required by a bound introduced by this call
     |
     = note: required for `Box<Node>` to implement `Clone`
     = note: 1 redundant requirement hidden
     = note: required for `Option<Box<Node>>` to implement `Clone`
note: required by a bound in `from_elem`
    --> /root/.rustup/toolchains/stable-x86_64-unknown-linux-gnu/lib/rustlib/src/rust/library/alloc/src/vec/mod.rs:3464:21
     |
3464 | pub fn from_elem<T: Clone>(elem: T, n: usize) -> Vec<T> {
     |                     ^^^^^ required by this bound in `from_elem`
help: consider borrowing here
     |
  15 |             a: vec![&None; MAXSYM],
     |                     +

error: aborting due to 1 previous error

For more information about this error, try `rustc --explain E0277`.

2025-12-07 10:42:59 [INFO] __main__ - Fix iteration produced compile errors; attempting next iteration (syntax takes priority)
2025-12-07 10:42:59 [INFO] __main__ - Output mismatches detected; invoking LLM fix iteration 4
2025-12-07 10:42:59 [WARNING] __main__ - Sample 1 mismatch:
  input: 'hello'
  C   -> rc=0, stdout="'e' : 110\n'h' : 10\n'l' : 0\n'o' : 111\n", stderr=''
  Rust-> rc=101, stdout='', stderr="\nthread 'main' (39004) panicked at rust/translated_huffman.rs:28:45:\ncalled `Option::unwrap()` on a `None` value\nnote: run with `RUST_BACKTRACE=1` environment variable to display a backtrace\n"
2025-12-07 10:42:59 [WARNING] __main__ - Sample 2 mismatch:
  input: 'aaabbc'
  C   -> rc=0, stdout="'a' : 0\n'b' : 11\n'c' : 10\n", stderr=''
  Rust-> rc=101, stdout='', stderr="\nthread 'main' (39005) panicked at rust/translated_huffman.rs:28:45:\ncalled `Option::unwrap()` on a `None` value\nnote: run with `RUST_BACKTRACE=1` environment variable to display a backtrace\n"
2025-12-07 10:42:59 [WARNING] __main__ - Sample 3 mismatch:
  input: 'AB'
  C   -> rc=0, stdout="'A' : 0\n'B' : 1\n", stderr=''
  Rust-> rc=101, stdout='', stderr="\nthread 'main' (39006) panicked at rust/translated_huffman.rs:169:27:\ncalled `Option::unwrap()` on a `None` value\nnote: run with `RUST_BACKTRACE=1` environment variable to display a backtrace\n"
2025-12-07 10:42:59 [WARNING] __main__ - Sample 4 mismatch:
  input: 'test'
  C   -> rc=0, stdout="'e' : 10\n's' : 11\n't' : 0\n", stderr=''
  Rust-> rc=101, stdout='', stderr="\nthread 'main' (39007) panicked at rust/translated_huffman.rs:28:45:\ncalled `Option::unwrap()` on a `None` value\nnote: run with `RUST_BACKTRACE=1` environment variable to display a backtrace\n"
2025-12-07 10:42:59 [INFO] crtrans.prompting - Calling DeepSeek with 7281 tokens of messages
2025-12-07 10:43:47 [INFO] crtrans.rust_checker - Compiling Rust: rustc --edition 2021 rust/translated_huffman.rs -o rust/translated_huffman
2025-12-07 10:43:47 [ERROR] crtrans.rust_checker - rustc failed:
error[E0277]: the trait bound `Box<Node>: Clone` is not satisfied
    --> rust/translated_huffman.rs:15:21
     |
  15 |             a: vec![None; MAXSYM],
     |                -----^^^^---------
     |                |    |
     |                |    the trait `Clone` is not implemented for `Box<Node>`
     |                required by a bound introduced by this call
     |
     = note: required for `Box<Node>` to implement `Clone`
     = note: 1 redundant requirement hidden
     = note: required for `Option<Box<Node>>` to implement `Clone`
note: required by a bound in `from_elem`
    --> /root/.rustup/toolchains/stable-x86_64-unknown-linux-gnu/lib/rustlib/src/rust/library/alloc/src/vec/mod.rs:3464:21
     |
3464 | pub fn from_elem<T: Clone>(elem: T, n: usize) -> Vec<T> {
     |                     ^^^^^ required by this bound in `from_elem`
help: consider borrowing here
     |
  15 |             a: vec![&None; MAXSYM],
     |                     +

error: aborting due to 1 previous error

For more information about this error, try `rustc --explain E0277`.

2025-12-07 10:43:47 [INFO] __main__ - Fix iteration produced compile errors; attempting next iteration (syntax takes priority)
2025-12-07 10:43:47 [INFO] __main__ - Output mismatches detected; invoking LLM fix iteration 5
2025-12-07 10:43:47 [WARNING] __main__ - Sample 1 mismatch:
  input: 'hello'
  C   -> rc=0, stdout="'e' : 110\n'h' : 10\n'l' : 0\n'o' : 111\n", stderr=''
  Rust-> rc=101, stdout='', stderr="\nthread 'main' (39004) panicked at rust/translated_huffman.rs:28:45:\ncalled `Option::unwrap()` on a `None` value\nnote: run with `RUST_BACKTRACE=1` environment variable to display a backtrace\n"
2025-12-07 10:43:47 [WARNING] __main__ - Sample 2 mismatch:
  input: 'aaabbc'
  C   -> rc=0, stdout="'a' : 0\n'b' : 11\n'c' : 10\n", stderr=''
  Rust-> rc=101, stdout='', stderr="\nthread 'main' (39005) panicked at rust/translated_huffman.rs:28:45:\ncalled `Option::unwrap()` on a `None` value\nnote: run with `RUST_BACKTRACE=1` environment variable to display a backtrace\n"
2025-12-07 10:43:47 [WARNING] __main__ - Sample 3 mismatch:
  input: 'AB'
  C   -> rc=0, stdout="'A' : 0\n'B' : 1\n", stderr=''
  Rust-> rc=101, stdout='', stderr="\nthread 'main' (39006) panicked at rust/translated_huffman.rs:169:27:\ncalled `Option::unwrap()` on a `None` value\nnote: run with `RUST_BACKTRACE=1` environment variable to display a backtrace\n"
2025-12-07 10:43:47 [WARNING] __main__ - Sample 4 mismatch:
  input: 'test'
  C   -> rc=0, stdout="'e' : 10\n's' : 11\n't' : 0\n", stderr=''
  Rust-> rc=101, stdout='', stderr="\nthread 'main' (39007) panicked at rust/translated_huffman.rs:28:45:\ncalled `Option::unwrap()` on a `None` value\nnote: run with `RUST_BACKTRACE=1` environment variable to display a backtrace\n"
2025-12-07 10:43:47 [INFO] crtrans.prompting - Calling DeepSeek with 7480 tokens of messages
2025-12-07 10:44:33 [INFO] crtrans.rust_checker - Compiling Rust: rustc --edition 2021 rust/translated_huffman.rs -o rust/translated_huffman
2025-12-07 10:44:33 [ERROR] crtrans.rust_checker - rustc failed:
error[E0277]: the trait bound `Box<Node>: Clone` is not satisfied
    --> rust/translated_huffman.rs:15:21
     |
  15 |             a: vec![None; MAXSYM],
     |                -----^^^^---------
     |                |    |
     |                |    the trait `Clone` is not implemented for `Box<Node>`
     |                required by a bound introduced by this call
     |
     = note: required for `Box<Node>` to implement `Clone`
     = note: 1 redundant requirement hidden
     = note: required for `Option<Box<Node>>` to implement `Clone`
note: required by a bound in `from_elem`
    --> /root/.rustup/toolchains/stable-x86_64-unknown-linux-gnu/lib/rustlib/src/rust/library/alloc/src/vec/mod.rs:3464:21
     |
3464 | pub fn from_elem<T: Clone>(elem: T, n: usize) -> Vec<T> {
     |                     ^^^^^ required by this bound in `from_elem`
help: consider borrowing here
     |
  15 |             a: vec![&None; MAXSYM],
     |                     +

error: aborting due to 1 previous error

For more information about this error, try `rustc --explain E0277`.

2025-12-07 10:44:33 [INFO] __main__ - Fix iteration produced compile errors; attempting next iteration (syntax takes priority)
2025-12-07 10:44:33 [INFO] __main__ - Output mismatches detected; invoking LLM fix iteration 6
2025-12-07 10:44:33 [WARNING] __main__ - Sample 1 mismatch:
  input: 'hello'
  C   -> rc=0, stdout="'e' : 110\n'h' : 10\n'l' : 0\n'o' : 111\n", stderr=''
  Rust-> rc=101, stdout='', stderr="\nthread 'main' (39004) panicked at rust/translated_huffman.rs:28:45:\ncalled `Option::unwrap()` on a `None` value\nnote: run with `RUST_BACKTRACE=1` environment variable to display a backtrace\n"
2025-12-07 10:44:33 [WARNING] __main__ - Sample 2 mismatch:
  input: 'aaabbc'
  C   -> rc=0, stdout="'a' : 0\n'b' : 11\n'c' : 10\n", stderr=''
  Rust-> rc=101, stdout='', stderr="\nthread 'main' (39005) panicked at rust/translated_huffman.rs:28:45:\ncalled `Option::unwrap()` on a `None` value\nnote: run with `RUST_BACKTRACE=1` environment variable to display a backtrace\n"
2025-12-07 10:44:33 [WARNING] __main__ - Sample 3 mismatch:
  input: 'AB'
  C   -> rc=0, stdout="'A' : 0\n'B' : 1\n", stderr=''
  Rust-> rc=101, stdout='', stderr="\nthread 'main' (39006) panicked at rust/translated_huffman.rs:169:27:\ncalled `Option::unwrap()` on a `None` value\nnote: run with `RUST_BACKTRACE=1` environment variable to display a backtrace\n"
2025-12-07 10:44:33 [WARNING] __main__ - Sample 4 mismatch:
  input: 'test'
  C   -> rc=0, stdout="'e' : 10\n's' : 11\n't' : 0\n", stderr=''
  Rust-> rc=101, stdout='', stderr="\nthread 'main' (39007) panicked at rust/translated_huffman.rs:28:45:\ncalled `Option::unwrap()` on a `None` value\nnote: run with `RUST_BACKTRACE=1` environment variable to display a backtrace\n"
2025-12-07 10:44:33 [INFO] crtrans.prompting - Calling DeepSeek with 7480 tokens of messages
2025-12-07 10:45:21 [INFO] crtrans.rust_checker - Compiling Rust: rustc --edition 2021 rust/translated_huffman.rs -o rust/translated_huffman
2025-12-07 10:45:21 [ERROR] crtrans.rust_checker - rustc failed:
error[E0277]: the trait bound `Box<Node>: Clone` is not satisfied
    --> rust/translated_huffman.rs:15:21
     |
  15 |             a: vec![None; MAXSYM],
     |                -----^^^^---------
     |                |    |
     |                |    the trait `Clone` is not implemented for `Box<Node>`
     |                required by a bound introduced by this call
     |
     = note: required for `Box<Node>` to implement `Clone`
     = note: 1 redundant requirement hidden
     = note: required for `Option<Box<Node>>` to implement `Clone`
note: required by a bound in `from_elem`
    --> /root/.rustup/toolchains/stable-x86_64-unknown-linux-gnu/lib/rustlib/src/rust/library/alloc/src/vec/mod.rs:3464:21
     |
3464 | pub fn from_elem<T: Clone>(elem: T, n: usize) -> Vec<T> {
     |                     ^^^^^ required by this bound in `from_elem`
help: consider borrowing here
     |
  15 |             a: vec![&None; MAXSYM],
     |                     +

error: aborting due to 1 previous error

For more information about this error, try `rustc --explain E0277`.

2025-12-07 10:45:21 [INFO] __main__ - Fix iteration produced compile errors; attempting next iteration (syntax takes priority)
2025-12-07 10:45:21 [INFO] __main__ - Output mismatches detected; invoking LLM fix iteration 7
2025-12-07 10:45:21 [WARNING] __main__ - Sample 1 mismatch:
  input: 'hello'
  C   -> rc=0, stdout="'e' : 110\n'h' : 10\n'l' : 0\n'o' : 111\n", stderr=''
  Rust-> rc=101, stdout='', stderr="\nthread 'main' (39004) panicked at rust/translated_huffman.rs:28:45:\ncalled `Option::unwrap()` on a `None` value\nnote: run with `RUST_BACKTRACE=1` environment variable to display a backtrace\n"
2025-12-07 10:45:21 [WARNING] __main__ - Sample 2 mismatch:
  input: 'aaabbc'
  C   -> rc=0, stdout="'a' : 0\n'b' : 11\n'c' : 10\n", stderr=''
  Rust-> rc=101, stdout='', stderr="\nthread 'main' (39005) panicked at rust/translated_huffman.rs:28:45:\ncalled `Option::unwrap()` on a `None` value\nnote: run with `RUST_BACKTRACE=1` environment variable to display a backtrace\n"
2025-12-07 10:45:21 [WARNING] __main__ - Sample 3 mismatch:
  input: 'AB'
  C   -> rc=0, stdout="'A' : 0\n'B' : 1\n", stderr=''
  Rust-> rc=101, stdout='', stderr="\nthread 'main' (39006) panicked at rust/translated_huffman.rs:169:27:\ncalled `Option::unwrap()` on a `None` value\nnote: run with `RUST_BACKTRACE=1` environment variable to display a backtrace\n"
2025-12-07 10:45:21 [WARNING] __main__ - Sample 4 mismatch:
  input: 'test'
  C   -> rc=0, stdout="'e' : 10\n's' : 11\n't' : 0\n", stderr=''
  Rust-> rc=101, stdout='', stderr="\nthread 'main' (39007) panicked at rust/translated_huffman.rs:28:45:\ncalled `Option::unwrap()` on a `None` value\nnote: run with `RUST_BACKTRACE=1` environment variable to display a backtrace\n"
2025-12-07 10:45:21 [INFO] crtrans.prompting - Calling DeepSeek with 7502 tokens of messages
2025-12-07 10:46:06 [INFO] crtrans.rust_checker - Compiling Rust: rustc --edition 2021 rust/translated_huffman.rs -o rust/translated_huffman
2025-12-07 10:46:06 [ERROR] crtrans.rust_checker - rustc failed:
error[E0277]: the trait bound `Box<Node>: Clone` is not satisfied
    --> rust/translated_huffman.rs:15:21
     |
  15 |             a: vec![None; MAXSYM],
     |                -----^^^^---------
     |                |    |
     |                |    the trait `Clone` is not implemented for `Box<Node>`
     |                required by a bound introduced by this call
     |
     = note: required for `Box<Node>` to implement `Clone`
     = note: 1 redundant requirement hidden
     = note: required for `Option<Box<Node>>` to implement `Clone`
note: required by a bound in `from_elem`
    --> /root/.rustup/toolchains/stable-x86_64-unknown-linux-gnu/lib/rustlib/src/rust/library/alloc/src/vec/mod.rs:3464:21
     |
3464 | pub fn from_elem<T: Clone>(elem: T, n: usize) -> Vec<T> {
     |                     ^^^^^ required by this bound in `from_elem`
help: consider borrowing here
     |
  15 |             a: vec![&None; MAXSYM],
     |                     +

error: aborting due to 1 previous error

For more information about this error, try `rustc --explain E0277`.

2025-12-07 10:46:06 [INFO] __main__ - Fix iteration produced compile errors; attempting next iteration (syntax takes priority)
2025-12-07 10:46:06 [INFO] __main__ - Output mismatches detected; invoking LLM fix iteration 8
2025-12-07 10:46:06 [WARNING] __main__ - Sample 1 mismatch:
  input: 'hello'
  C   -> rc=0, stdout="'e' : 110\n'h' : 10\n'l' : 0\n'o' : 111\n", stderr=''
  Rust-> rc=101, stdout='', stderr="\nthread 'main' (39004) panicked at rust/translated_huffman.rs:28:45:\ncalled `Option::unwrap()` on a `None` value\nnote: run with `RUST_BACKTRACE=1` environment variable to display a backtrace\n"
2025-12-07 10:46:06 [WARNING] __main__ - Sample 2 mismatch:
  input: 'aaabbc'
  C   -> rc=0, stdout="'a' : 0\n'b' : 11\n'c' : 10\n", stderr=''
  Rust-> rc=101, stdout='', stderr="\nthread 'main' (39005) panicked at rust/translated_huffman.rs:28:45:\ncalled `Option::unwrap()` on a `None` value\nnote: run with `RUST_BACKTRACE=1` environment variable to display a backtrace\n"
2025-12-07 10:46:06 [WARNING] __main__ - Sample 3 mismatch:
  input: 'AB'
  C   -> rc=0, stdout="'A' : 0\n'B' : 1\n", stderr=''
  Rust-> rc=101, stdout='', stderr="\nthread 'main' (39006) panicked at rust/translated_huffman.rs:169:27:\ncalled `Option::unwrap()` on a `None` value\nnote: run with `RUST_BACKTRACE=1` environment variable to display a backtrace\n"
2025-12-07 10:46:06 [WARNING] __main__ - Sample 4 mismatch:
  input: 'test'
  C   -> rc=0, stdout="'e' : 10\n's' : 11\n't' : 0\n", stderr=''
  Rust-> rc=101, stdout='', stderr="\nthread 'main' (39007) panicked at rust/translated_huffman.rs:28:45:\ncalled `Option::unwrap()` on a `None` value\nnote: run with `RUST_BACKTRACE=1` environment variable to display a backtrace\n"
2025-12-07 10:46:06 [INFO] crtrans.prompting - Calling DeepSeek with 7502 tokens of messages
2025-12-07 10:46:54 [INFO] crtrans.rust_checker - Compiling Rust: rustc --edition 2021 rust/translated_huffman.rs -o rust/translated_huffman
2025-12-07 10:46:54 [ERROR] crtrans.rust_checker - rustc failed:
error[E0277]: the trait bound `Box<Node>: Clone` is not satisfied
    --> rust/translated_huffman.rs:15:21
     |
  15 |             a: vec![None; MAXSYM],
     |                -----^^^^---------
     |                |    |
     |                |    the trait `Clone` is not implemented for `Box<Node>`
     |                required by a bound introduced by this call
     |
     = note: required for `Box<Node>` to implement `Clone`
     = note: 1 redundant requirement hidden
     = note: required for `Option<Box<Node>>` to implement `Clone`
note: required by a bound in `from_elem`
    --> /root/.rustup/toolchains/stable-x86_64-unknown-linux-gnu/lib/rustlib/src/rust/library/alloc/src/vec/mod.rs:3464:21
     |
3464 | pub fn from_elem<T: Clone>(elem: T, n: usize) -> Vec<T> {
     |                     ^^^^^ required by this bound in `from_elem`
help: consider borrowing here
     |
  15 |             a: vec![&None; MAXSYM],
     |                     +

error: aborting due to 1 previous error

For more information about this error, try `rustc --explain E0277`.

2025-12-07 10:46:54 [INFO] __main__ - Fix iteration produced compile errors; attempting next iteration (syntax takes priority)
2025-12-07 10:46:54 [INFO] __main__ - Output mismatches detected; invoking LLM fix iteration 9
2025-12-07 10:46:54 [WARNING] __main__ - Sample 1 mismatch:
  input: 'hello'
  C   -> rc=0, stdout="'e' : 110\n'h' : 10\n'l' : 0\n'o' : 111\n", stderr=''
  Rust-> rc=101, stdout='', stderr="\nthread 'main' (39004) panicked at rust/translated_huffman.rs:28:45:\ncalled `Option::unwrap()` on a `None` value\nnote: run with `RUST_BACKTRACE=1` environment variable to display a backtrace\n"
2025-12-07 10:46:54 [WARNING] __main__ - Sample 2 mismatch:
  input: 'aaabbc'
  C   -> rc=0, stdout="'a' : 0\n'b' : 11\n'c' : 10\n", stderr=''
  Rust-> rc=101, stdout='', stderr="\nthread 'main' (39005) panicked at rust/translated_huffman.rs:28:45:\ncalled `Option::unwrap()` on a `None` value\nnote: run with `RUST_BACKTRACE=1` environment variable to display a backtrace\n"
2025-12-07 10:46:54 [WARNING] __main__ - Sample 3 mismatch:
  input: 'AB'
  C   -> rc=0, stdout="'A' : 0\n'B' : 1\n", stderr=''
  Rust-> rc=101, stdout='', stderr="\nthread 'main' (39006) panicked at rust/translated_huffman.rs:169:27:\ncalled `Option::unwrap()` on a `None` value\nnote: run with `RUST_BACKTRACE=1` environment variable to display a backtrace\n"
2025-12-07 10:46:54 [WARNING] __main__ - Sample 4 mismatch:
  input: 'test'
  C   -> rc=0, stdout="'e' : 10\n's' : 11\n't' : 0\n", stderr=''
  Rust-> rc=101, stdout='', stderr="\nthread 'main' (39007) panicked at rust/translated_huffman.rs:28:45:\ncalled `Option::unwrap()` on a `None` value\nnote: run with `RUST_BACKTRACE=1` environment variable to display a backtrace\n"
2025-12-07 10:46:54 [INFO] crtrans.prompting - Calling DeepSeek with 7502 tokens of messages
2025-12-07 10:47:38 [INFO] crtrans.rust_checker - Compiling Rust: rustc --edition 2021 rust/translated_huffman.rs -o rust/translated_huffman
2025-12-07 10:47:38 [ERROR] crtrans.rust_checker - rustc failed:
error[E0277]: the trait bound `Box<Node>: Clone` is not satisfied
    --> rust/translated_huffman.rs:15:21
     |
  15 |             a: vec![None; MAXSYM],
     |                -----^^^^---------
     |                |    |
     |                |    the trait `Clone` is not implemented for `Box<Node>`
     |                required by a bound introduced by this call
     |
     = note: required for `Box<Node>` to implement `Clone`
     = note: 1 redundant requirement hidden
     = note: required for `Option<Box<Node>>` to implement `Clone`
note: required by a bound in `from_elem`
    --> /root/.rustup/toolchains/stable-x86_64-unknown-linux-gnu/lib/rustlib/src/rust/library/alloc/src/vec/mod.rs:3464:21
     |
3464 | pub fn from_elem<T: Clone>(elem: T, n: usize) -> Vec<T> {
     |                     ^^^^^ required by this bound in `from_elem`
help: consider borrowing here
     |
  15 |             a: vec![&None; MAXSYM],
     |                     +

error: aborting due to 1 previous error

For more information about this error, try `rustc --explain E0277`.

2025-12-07 10:47:38 [INFO] __main__ - Fix iteration produced compile errors; attempting next iteration (syntax takes priority)
2025-12-07 10:47:38 [WARNING] __main__ - Output mismatches:
Sample 1 mismatch:
  input: 'hello'
  C   -> rc=0, stdout="'e' : 110\n'h' : 10\n'l' : 0\n'o' : 111\n", stderr=''
  Rust-> rc=101, stdout='', stderr="\nthread 'main' (39004) panicked at rust/translated_huffman.rs:28:45:\ncalled `Option::unwrap()` on a `None` value\nnote: run with `RUST_BACKTRACE=1` environment variable to display a backtrace\n"
Sample 2 mismatch:
  input: 'aaabbc'
  C   -> rc=0, stdout="'a' : 0\n'b' : 11\n'c' : 10\n", stderr=''
  Rust-> rc=101, stdout='', stderr="\nthread 'main' (39005) panicked at rust/translated_huffman.rs:28:45:\ncalled `Option::unwrap()` on a `None` value\nnote: run with `RUST_BACKTRACE=1` environment variable to display a backtrace\n"
Sample 3 mismatch:
  input: 'AB'
  C   -> rc=0, stdout="'A' : 0\n'B' : 1\n", stderr=''
  Rust-> rc=101, stdout='', stderr="\nthread 'main' (39006) panicked at rust/translated_huffman.rs:169:27:\ncalled `Option::unwrap()` on a `None` value\nnote: run with `RUST_BACKTRACE=1` environment variable to display a backtrace\n"
Sample 4 mismatch:
  input: 'test'
  C   -> rc=0, stdout="'e' : 10\n's' : 11\n't' : 0\n", stderr=''
  Rust-> rc=101, stdout='', stderr="\nthread 'main' (39007) panicked at rust/translated_huffman.rs:28:45:\ncalled `Option::unwrap()` on a `None` value\nnote: run with `RUST_BACKTRACE=1` environment variable to display a backtrace\n"
2025-12-07 10:47:38 [INFO] __main__ - Saved final Rust to rust/huffman.rs
2025-12-07 10:47:38 [INFO] crtrans.prompting - Calling DeepSeek with 9197 tokens of messages
2025-12-07 10:48:08 [INFO] __main__ - Wrote final equivalence report to temp/huffman/report_huffman.md
